This is pdfTeX, Version 3.14159265-2.6-1.40.19 (MiKTeX 2.9.6930 64-bit) (preloaded format=latex 2019.1.29)  3 APR 2019 12:13
entering extended mode
**./hilfszettel.tex
(hilfszettel.tex
LaTeX2e <2018-12-01>

("C:\Users\OdnSpceMaker\AppData\Local\Programs\MiKTeX 2.9\tex/latex/base\articl
e.cls"
Document Class: article 2018/09/03 v1.4i Standard LaTeX document class

("C:\Users\OdnSpceMaker\AppData\Local\Programs\MiKTeX 2.9\tex/latex/base\size10
.clo"
File: size10.clo 2018/09/03 v1.4i Standard LaTeX file (size option)
)
\c@part=\count80
\c@section=\count81
\c@subsection=\count82
\c@subsubsection=\count83
\c@paragraph=\count84
\c@subparagraph=\count85
\c@figure=\count86
\c@table=\count87
\abovecaptionskip=\skip41
\belowcaptionskip=\skip42
\bibindent=\dimen102
)
("C:\Users\OdnSpceMaker\AppData\Local\Programs\MiKTeX 2.9\tex/latex/base\inpute
nc.sty"
Package: inputenc 2018/08/11 v1.3c Input encoding file
\inpenc@prehook=\toks14
\inpenc@posthook=\toks15
)
("C:\Users\OdnSpceMaker\AppData\Local\Programs\MiKTeX 2.9\tex/generic/babel\bab
el.sty"
Package: babel 2018/11/13 3.27 The Babel package

("C:\Users\OdnSpceMaker\AppData\Local\Programs\MiKTeX 2.9\tex/generic/babel\swi
tch.def"
File: switch.def 2018/11/13 3.27 Babel switching mechanism
)
*************************************
* Local config file bblopts.cfg used
*

("C:\Users\OdnSpceMaker\AppData\Local\Programs\MiKTeX 2.9\tex/latex/arabi\bblop
ts.cfg"
File: bblopts.cfg 2005/09/08 v0.1 add Arabic and Farsi to "declared" options of
 babel
)
("C:\Users\OdnSpceMaker\AppData\Local\Programs\MiKTeX 2.9\tex/latex/babel-germa
n\ngerman.ldf"
Language: ngerman 2018/12/08 v2.11 German support for babel (post-1996 orthogra
phy)

("C:\Users\OdnSpceMaker\AppData\Local\Programs\MiKTeX 2.9\tex/latex/babel-germa
n\ngermanb.ldf"
Language: ngermanb 2018/12/08 v2.11 German support for babel (post-1996 orthogr
aphy)

("C:\Users\OdnSpceMaker\AppData\Local\Programs\MiKTeX 2.9\tex/generic/babel\bab
el.def"
File: babel.def 2018/11/13 3.27 Babel common definitions
\babel@savecnt=\count88
\U@D=\dimen103

("C:\Users\OdnSpceMaker\AppData\Local\Programs\MiKTeX 2.9\tex/generic/babel\txt
babel.def")
\bbl@dirlevel=\count89
)
Package babel Info: Making " an active character on input line 121.
)))
("C:\Users\OdnSpceMaker\AppData\Local\Programs\MiKTeX 2.9\tex/latex/base\fonten
c.sty"
Package: fontenc 2018/08/11 v2.0j Standard LaTeX package

("C:\Users\OdnSpceMaker\AppData\Local\Programs\MiKTeX 2.9\tex/latex/base\t1enc.
def"
File: t1enc.def 2018/08/11 v2.0j Standard LaTeX file
LaTeX Font Info:    Redeclaring font encoding T1 on input line 48.
))
("C:\Users\OdnSpceMaker\AppData\Local\Programs\MiKTeX 2.9\tex/latex/pgf/fronten
dlayer\tikz.sty"
("C:\Users\OdnSpceMaker\AppData\Local\Programs\MiKTeX 2.9\tex/latex/pgf/basicla
yer\pgf.sty"
("C:\Users\OdnSpceMaker\AppData\Local\Programs\MiKTeX 2.9\tex/latex/pgf/utiliti
es\pgfrcs.sty"
("C:\Users\OdnSpceMaker\AppData\Local\Programs\MiKTeX 2.9\tex/generic/pgf/utili
ties\pgfutil-common.tex"
\pgfutil@everybye=\toks16
\pgfutil@tempdima=\dimen104
\pgfutil@tempdimb=\dimen105

("C:\Users\OdnSpceMaker\AppData\Local\Programs\MiKTeX 2.9\tex/generic/pgf/utili
ties\pgfutil-common-lists.tex"))
("C:\Users\OdnSpceMaker\AppData\Local\Programs\MiKTeX 2.9\tex/generic/pgf/utili
ties\pgfutil-latex.def"
\pgfutil@abb=\box27

("C:\Users\OdnSpceMaker\AppData\Local\Programs\MiKTeX 2.9\tex/latex/ms\everyshi
.sty"
Package: everyshi 2001/05/15 v3.00 EveryShipout Package (MS)
))
("C:\Users\OdnSpceMaker\AppData\Local\Programs\MiKTeX 2.9\tex/generic/pgf/utili
ties\pgfrcs.code.tex"
("C:\Users\OdnSpceMaker\AppData\Local\Programs\MiKTeX 2.9\tex/generic/pgf\pgf.r
evision.tex")
Package: pgfrcs 2019/02/02 v3.1.1 (3.1.1)
))
Package: pgf 2019/02/02 v3.1.1 (3.1.1)

("C:\Users\OdnSpceMaker\AppData\Local\Programs\MiKTeX 2.9\tex/latex/pgf/basicla
yer\pgfcore.sty"
("C:\Users\OdnSpceMaker\AppData\Local\Programs\MiKTeX 2.9\tex/latex/graphics\gr
aphicx.sty"
Package: graphicx 2017/06/01 v1.1a Enhanced LaTeX Graphics (DPC,SPQR)

("C:\Users\OdnSpceMaker\AppData\Local\Programs\MiKTeX 2.9\tex/latex/graphics\ke
yval.sty"
Package: keyval 2014/10/28 v1.15 key=value parser (DPC)
\KV@toks@=\toks17
)
("C:\Users\OdnSpceMaker\AppData\Local\Programs\MiKTeX 2.9\tex/latex/graphics\gr
aphics.sty"
Package: graphics 2017/06/25 v1.2c Standard LaTeX Graphics (DPC,SPQR)

("C:\Users\OdnSpceMaker\AppData\Local\Programs\MiKTeX 2.9\tex/latex/graphics\tr
ig.sty"
Package: trig 2016/01/03 v1.10 sin cos tan (DPC)
)
("C:\Users\OdnSpceMaker\AppData\Local\Programs\MiKTeX 2.9\tex/latex/graphics-cf
g\graphics.cfg"
File: graphics.cfg 2016/06/04 v1.11 sample graphics configuration
)
Package graphics Info: Driver file: pdftex.def on input line 99.

("C:\Users\OdnSpceMaker\AppData\Local\Programs\MiKTeX 2.9\tex/latex/graphics-de
f\pdftex.def"
File: pdftex.def 2018/01/08 v1.0l Graphics/color driver for pdftex
))
\Gin@req@height=\dimen106
\Gin@req@width=\dimen107
)
("C:\Users\OdnSpceMaker\AppData\Local\Programs\MiKTeX 2.9\tex/latex/pgf/systeml
ayer\pgfsys.sty"
("C:\Users\OdnSpceMaker\AppData\Local\Programs\MiKTeX 2.9\tex/generic/pgf/syste
mlayer\pgfsys.code.tex"
Package: pgfsys 2019/02/02 v3.1.1 (3.1.1)

("C:\Users\OdnSpceMaker\AppData\Local\Programs\MiKTeX 2.9\tex/generic/pgf/utili
ties\pgfkeys.code.tex"
\pgfkeys@pathtoks=\toks18
\pgfkeys@temptoks=\toks19

("C:\Users\OdnSpceMaker\AppData\Local\Programs\MiKTeX 2.9\tex/generic/pgf/utili
ties\pgfkeysfiltered.code.tex"
\pgfkeys@tmptoks=\toks20
))
\pgf@x=\dimen108
\pgf@y=\dimen109
\pgf@xa=\dimen110
\pgf@ya=\dimen111
\pgf@xb=\dimen112
\pgf@yb=\dimen113
\pgf@xc=\dimen114
\pgf@yc=\dimen115
\w@pgf@writea=\write3
\r@pgf@reada=\read1
\c@pgf@counta=\count90
\c@pgf@countb=\count91
\c@pgf@countc=\count92
\c@pgf@countd=\count93
\t@pgf@toka=\toks21
\t@pgf@tokb=\toks22
\t@pgf@tokc=\toks23
\pgf@sys@id@count=\count94

("C:\Users\OdnSpceMaker\AppData\Local\Programs\MiKTeX 2.9\tex/generic/pgf/syste
mlayer\pgf.cfg"
File: pgf.cfg 2019/02/02 v3.1.1 (3.1.1)
)
Driver file for pgf: pgfsys-pdftex.def

("C:\Users\OdnSpceMaker\AppData\Local\Programs\MiKTeX 2.9\tex/generic/pgf/syste
mlayer\pgfsys-pdftex.def"
File: pgfsys-pdftex.def 2019/02/02 v3.1.1 (3.1.1)

("C:\Users\OdnSpceMaker\AppData\Local\Programs\MiKTeX 2.9\tex/generic/pgf/syste
mlayer\pgfsys-common-pdf.def"
File: pgfsys-common-pdf.def 2019/02/02 v3.1.1 (3.1.1)
)))
("C:\Users\OdnSpceMaker\AppData\Local\Programs\MiKTeX 2.9\tex/generic/pgf/syste
mlayer\pgfsyssoftpath.code.tex"
File: pgfsyssoftpath.code.tex 2019/02/02 v3.1.1 (3.1.1)
\pgfsyssoftpath@smallbuffer@items=\count95
\pgfsyssoftpath@bigbuffer@items=\count96
)
("C:\Users\OdnSpceMaker\AppData\Local\Programs\MiKTeX 2.9\tex/generic/pgf/syste
mlayer\pgfsysprotocol.code.tex"
File: pgfsysprotocol.code.tex 2019/02/02 v3.1.1 (3.1.1)
))
("C:\Users\OdnSpceMaker\AppData\Local\Programs\MiKTeX 2.9\tex/latex/xcolor\xcol
or.sty"
Package: xcolor 2016/05/11 v2.12 LaTeX color extensions (UK)

("C:\Users\OdnSpceMaker\AppData\Local\Programs\MiKTeX 2.9\tex/latex/graphics-cf
g\color.cfg"
File: color.cfg 2016/01/02 v1.6 sample color configuration
)
Package xcolor Info: Driver file: pdftex.def on input line 225.
Package xcolor Info: Model `cmy' substituted by `cmy0' on input line 1348.
Package xcolor Info: Model `hsb' substituted by `rgb' on input line 1352.
Package xcolor Info: Model `RGB' extended on input line 1364.
Package xcolor Info: Model `HTML' substituted by `rgb' on input line 1366.
Package xcolor Info: Model `Hsb' substituted by `hsb' on input line 1367.
Package xcolor Info: Model `tHsb' substituted by `hsb' on input line 1368.
Package xcolor Info: Model `HSB' substituted by `hsb' on input line 1369.
Package xcolor Info: Model `Gray' substituted by `gray' on input line 1370.
Package xcolor Info: Model `wave' substituted by `hsb' on input line 1371.
)
("C:\Users\OdnSpceMaker\AppData\Local\Programs\MiKTeX 2.9\tex/generic/pgf/basic
layer\pgfcore.code.tex"
Package: pgfcore 2019/02/02 v3.1.1 (3.1.1)

("C:\Users\OdnSpceMaker\AppData\Local\Programs\MiKTeX 2.9\tex/generic/pgf/math\
pgfmath.code.tex"
("C:\Users\OdnSpceMaker\AppData\Local\Programs\MiKTeX 2.9\tex/generic/pgf/math\
pgfmathcalc.code.tex"
("C:\Users\OdnSpceMaker\AppData\Local\Programs\MiKTeX 2.9\tex/generic/pgf/math\
pgfmathutil.code.tex")
("C:\Users\OdnSpceMaker\AppData\Local\Programs\MiKTeX 2.9\tex/generic/pgf/math\
pgfmathparser.code.tex"
\pgfmath@dimen=\dimen116
\pgfmath@count=\count97
\pgfmath@box=\box28
\pgfmath@toks=\toks24
\pgfmath@stack@operand=\toks25
\pgfmath@stack@operation=\toks26
)
("C:\Users\OdnSpceMaker\AppData\Local\Programs\MiKTeX 2.9\tex/generic/pgf/math\
pgfmathfunctions.code.tex"
("C:\Users\OdnSpceMaker\AppData\Local\Programs\MiKTeX 2.9\tex/generic/pgf/math\
pgfmathfunctions.basic.code.tex")
("C:\Users\OdnSpceMaker\AppData\Local\Programs\MiKTeX 2.9\tex/generic/pgf/math\
pgfmathfunctions.trigonometric.code.tex")
("C:\Users\OdnSpceMaker\AppData\Local\Programs\MiKTeX 2.9\tex/generic/pgf/math\
pgfmathfunctions.random.code.tex")
("C:\Users\OdnSpceMaker\AppData\Local\Programs\MiKTeX 2.9\tex/generic/pgf/math\
pgfmathfunctions.comparison.code.tex")
("C:\Users\OdnSpceMaker\AppData\Local\Programs\MiKTeX 2.9\tex/generic/pgf/math\
pgfmathfunctions.base.code.tex")
("C:\Users\OdnSpceMaker\AppData\Local\Programs\MiKTeX 2.9\tex/generic/pgf/math\
pgfmathfunctions.round.code.tex")
("C:\Users\OdnSpceMaker\AppData\Local\Programs\MiKTeX 2.9\tex/generic/pgf/math\
pgfmathfunctions.misc.code.tex")
("C:\Users\OdnSpceMaker\AppData\Local\Programs\MiKTeX 2.9\tex/generic/pgf/math\
pgfmathfunctions.integerarithmetics.code.tex")))
("C:\Users\OdnSpceMaker\AppData\Local\Programs\MiKTeX 2.9\tex/generic/pgf/math\
pgfmathfloat.code.tex"
\c@pgfmathroundto@lastzeros=\count98
))
("C:\Users\OdnSpceMaker\AppData\Local\Programs\MiKTeX 2.9\tex/generic/pgf/basic
layer\pgfcorepoints.code.tex"
File: pgfcorepoints.code.tex 2019/02/02 v3.1.1 (3.1.1)
\pgf@picminx=\dimen117
\pgf@picmaxx=\dimen118
\pgf@picminy=\dimen119
\pgf@picmaxy=\dimen120
\pgf@pathminx=\dimen121
\pgf@pathmaxx=\dimen122
\pgf@pathminy=\dimen123
\pgf@pathmaxy=\dimen124
\pgf@xx=\dimen125
\pgf@xy=\dimen126
\pgf@yx=\dimen127
\pgf@yy=\dimen128
\pgf@zx=\dimen129
\pgf@zy=\dimen130
)
("C:\Users\OdnSpceMaker\AppData\Local\Programs\MiKTeX 2.9\tex/generic/pgf/basic
layer\pgfcorepathconstruct.code.tex"
File: pgfcorepathconstruct.code.tex 2019/02/02 v3.1.1 (3.1.1)
\pgf@path@lastx=\dimen131
\pgf@path@lasty=\dimen132
)
("C:\Users\OdnSpceMaker\AppData\Local\Programs\MiKTeX 2.9\tex/generic/pgf/basic
layer\pgfcorepathusage.code.tex"
File: pgfcorepathusage.code.tex 2019/02/02 v3.1.1 (3.1.1)
\pgf@shorten@end@additional=\dimen133
\pgf@shorten@start@additional=\dimen134
)
("C:\Users\OdnSpceMaker\AppData\Local\Programs\MiKTeX 2.9\tex/generic/pgf/basic
layer\pgfcorescopes.code.tex"
File: pgfcorescopes.code.tex 2019/02/02 v3.1.1 (3.1.1)
\pgfpic=\box29
\pgf@hbox=\box30
\pgf@layerbox@main=\box31
\pgf@picture@serial@count=\count99
)
("C:\Users\OdnSpceMaker\AppData\Local\Programs\MiKTeX 2.9\tex/generic/pgf/basic
layer\pgfcoregraphicstate.code.tex"
File: pgfcoregraphicstate.code.tex 2019/02/02 v3.1.1 (3.1.1)
\pgflinewidth=\dimen135
)
("C:\Users\OdnSpceMaker\AppData\Local\Programs\MiKTeX 2.9\tex/generic/pgf/basic
layer\pgfcoretransformations.code.tex"
File: pgfcoretransformations.code.tex 2019/02/02 v3.1.1 (3.1.1)
\pgf@pt@x=\dimen136
\pgf@pt@y=\dimen137
\pgf@pt@temp=\dimen138
)
("C:\Users\OdnSpceMaker\AppData\Local\Programs\MiKTeX 2.9\tex/generic/pgf/basic
layer\pgfcorequick.code.tex"
File: pgfcorequick.code.tex 2019/02/02 v3.1.1 (3.1.1)
)
("C:\Users\OdnSpceMaker\AppData\Local\Programs\MiKTeX 2.9\tex/generic/pgf/basic
layer\pgfcoreobjects.code.tex"
File: pgfcoreobjects.code.tex 2019/02/02 v3.1.1 (3.1.1)
)
("C:\Users\OdnSpceMaker\AppData\Local\Programs\MiKTeX 2.9\tex/generic/pgf/basic
layer\pgfcorepathprocessing.code.tex"
File: pgfcorepathprocessing.code.tex 2019/02/02 v3.1.1 (3.1.1)
)
("C:\Users\OdnSpceMaker\AppData\Local\Programs\MiKTeX 2.9\tex/generic/pgf/basic
layer\pgfcorearrows.code.tex"
File: pgfcorearrows.code.tex 2019/02/02 v3.1.1 (3.1.1)
\pgfarrowsep=\dimen139
)
("C:\Users\OdnSpceMaker\AppData\Local\Programs\MiKTeX 2.9\tex/generic/pgf/basic
layer\pgfcoreshade.code.tex"
File: pgfcoreshade.code.tex 2019/02/02 v3.1.1 (3.1.1)
\pgf@max=\dimen140
\pgf@sys@shading@range@num=\count100
)
("C:\Users\OdnSpceMaker\AppData\Local\Programs\MiKTeX 2.9\tex/generic/pgf/basic
layer\pgfcoreimage.code.tex"
File: pgfcoreimage.code.tex 2019/02/02 v3.1.1 (3.1.1)

("C:\Users\OdnSpceMaker\AppData\Local\Programs\MiKTeX 2.9\tex/generic/pgf/basic
layer\pgfcoreexternal.code.tex"
File: pgfcoreexternal.code.tex 2019/02/02 v3.1.1 (3.1.1)
\pgfexternal@startupbox=\box32
))
("C:\Users\OdnSpceMaker\AppData\Local\Programs\MiKTeX 2.9\tex/generic/pgf/basic
layer\pgfcorelayers.code.tex"
File: pgfcorelayers.code.tex 2019/02/02 v3.1.1 (3.1.1)
)
("C:\Users\OdnSpceMaker\AppData\Local\Programs\MiKTeX 2.9\tex/generic/pgf/basic
layer\pgfcoretransparency.code.tex"
File: pgfcoretransparency.code.tex 2019/02/02 v3.1.1 (3.1.1)
)
("C:\Users\OdnSpceMaker\AppData\Local\Programs\MiKTeX 2.9\tex/generic/pgf/basic
layer\pgfcorepatterns.code.tex"
File: pgfcorepatterns.code.tex 2019/02/02 v3.1.1 (3.1.1)
)
("C:\Users\OdnSpceMaker\AppData\Local\Programs\MiKTeX 2.9\tex/generic/pgf/basic
layer\pgfcorerdf.code.tex"
File: pgfcorerdf.code.tex 2019/02/02 v3.1.1 (3.1.1)
)))
("C:\Users\OdnSpceMaker\AppData\Local\Programs\MiKTeX 2.9\tex/generic/pgf/modul
es\pgfmoduleshapes.code.tex"
File: pgfmoduleshapes.code.tex 2019/02/02 v3.1.1 (3.1.1)
\pgfnodeparttextbox=\box33
)
("C:\Users\OdnSpceMaker\AppData\Local\Programs\MiKTeX 2.9\tex/generic/pgf/modul
es\pgfmoduleplot.code.tex"
File: pgfmoduleplot.code.tex 2019/02/02 v3.1.1 (3.1.1)
)
("C:\Users\OdnSpceMaker\AppData\Local\Programs\MiKTeX 2.9\tex/latex/pgf/compati
bility\pgfcomp-version-0-65.sty"
Package: pgfcomp-version-0-65 2019/02/02 v3.1.1 (3.1.1)
\pgf@nodesepstart=\dimen141
\pgf@nodesepend=\dimen142
)
("C:\Users\OdnSpceMaker\AppData\Local\Programs\MiKTeX 2.9\tex/latex/pgf/compati
bility\pgfcomp-version-1-18.sty"
Package: pgfcomp-version-1-18 2019/02/02 v3.1.1 (3.1.1)
))
("C:\Users\OdnSpceMaker\AppData\Local\Programs\MiKTeX 2.9\tex/latex/pgf/utiliti
es\pgffor.sty"
("C:\Users\OdnSpceMaker\AppData\Local\Programs\MiKTeX 2.9\tex/latex/pgf/utiliti
es\pgfkeys.sty"
("C:\Users\OdnSpceMaker\AppData\Local\Programs\MiKTeX 2.9\tex/generic/pgf/utili
ties\pgfkeys.code.tex"))
("C:\Users\OdnSpceMaker\AppData\Local\Programs\MiKTeX 2.9\tex/latex/pgf/math\pg
fmath.sty"
("C:\Users\OdnSpceMaker\AppData\Local\Programs\MiKTeX 2.9\tex/generic/pgf/math\
pgfmath.code.tex"))
("C:\Users\OdnSpceMaker\AppData\Local\Programs\MiKTeX 2.9\tex/generic/pgf/utili
ties\pgffor.code.tex"
Package: pgffor 2019/02/02 v3.1.1 (3.1.1)

("C:\Users\OdnSpceMaker\AppData\Local\Programs\MiKTeX 2.9\tex/generic/pgf/math\
pgfmath.code.tex")
\pgffor@iter=\dimen143
\pgffor@skip=\dimen144
\pgffor@stack=\toks27
\pgffor@toks=\toks28
))
("C:\Users\OdnSpceMaker\AppData\Local\Programs\MiKTeX 2.9\tex/generic/pgf/front
endlayer/tikz\tikz.code.tex"
Package: tikz 2019/02/02 v3.1.1 (3.1.1)

("C:\Users\OdnSpceMaker\AppData\Local\Programs\MiKTeX 2.9\tex/generic/pgf/libra
ries\pgflibraryplothandlers.code.tex"
File: pgflibraryplothandlers.code.tex 2019/02/02 v3.1.1 (3.1.1)
\pgf@plot@mark@count=\count101
\pgfplotmarksize=\dimen145
)
\tikz@lastx=\dimen146
\tikz@lasty=\dimen147
\tikz@lastxsaved=\dimen148
\tikz@lastysaved=\dimen149
\tikzleveldistance=\dimen150
\tikzsiblingdistance=\dimen151
\tikz@figbox=\box34
\tikz@figbox@bg=\box35
\tikz@tempbox=\box36
\tikz@tempbox@bg=\box37
\tikztreelevel=\count102
\tikznumberofchildren=\count103
\tikznumberofcurrentchild=\count104
\tikz@fig@count=\count105

("C:\Users\OdnSpceMaker\AppData\Local\Programs\MiKTeX 2.9\tex/generic/pgf/modul
es\pgfmodulematrix.code.tex"
File: pgfmodulematrix.code.tex 2019/02/02 v3.1.1 (3.1.1)
\pgfmatrixcurrentrow=\count106
\pgfmatrixcurrentcolumn=\count107
\pgf@matrix@numberofcolumns=\count108
)
\tikz@expandcount=\count109

("C:\Users\OdnSpceMaker\AppData\Local\Programs\MiKTeX 2.9\tex/generic/pgf/front
endlayer/tikz/libraries\tikzlibrarytopaths.code.tex"
File: tikzlibrarytopaths.code.tex 2019/02/02 v3.1.1 (3.1.1)
)))
("C:\Users\OdnSpceMaker\AppData\Local\Programs\MiKTeX 2.9\tex/generic/pgf/front
endlayer/tikz/libraries\tikzlibraryshapes.code.tex"
File: tikzlibraryshapes.code.tex 2019/02/02 v3.1.1 (3.1.1)

("C:\Users\OdnSpceMaker\AppData\Local\Programs\MiKTeX 2.9\tex/generic/pgf/front
endlayer/tikz/libraries\tikzlibraryshapes.geometric.code.tex"
File: tikzlibraryshapes.geometric.code.tex 2019/02/02 v3.1.1 (3.1.1)

("C:\Users\OdnSpceMaker\AppData\Local\Programs\MiKTeX 2.9\tex/generic/pgf/libra
ries/shapes\pgflibraryshapes.geometric.code.tex"
File: pgflibraryshapes.geometric.code.tex 2019/02/02 v3.1.1 (3.1.1)
))
("C:\Users\OdnSpceMaker\AppData\Local\Programs\MiKTeX 2.9\tex/generic/pgf/front
endlayer/tikz/libraries\tikzlibraryshapes.misc.code.tex"
File: tikzlibraryshapes.misc.code.tex 2019/02/02 v3.1.1 (3.1.1)

("C:\Users\OdnSpceMaker\AppData\Local\Programs\MiKTeX 2.9\tex/generic/pgf/libra
ries/shapes\pgflibraryshapes.misc.code.tex"
File: pgflibraryshapes.misc.code.tex 2019/02/02 v3.1.1 (3.1.1)
))
("C:\Users\OdnSpceMaker\AppData\Local\Programs\MiKTeX 2.9\tex/generic/pgf/front
endlayer/tikz/libraries\tikzlibraryshapes.symbols.code.tex"
File: tikzlibraryshapes.symbols.code.tex 2019/02/02 v3.1.1 (3.1.1)

("C:\Users\OdnSpceMaker\AppData\Local\Programs\MiKTeX 2.9\tex/generic/pgf/libra
ries/shapes\pgflibraryshapes.symbols.code.tex"
File: pgflibraryshapes.symbols.code.tex 2019/02/02 v3.1.1 (3.1.1)
))
("C:\Users\OdnSpceMaker\AppData\Local\Programs\MiKTeX 2.9\tex/generic/pgf/front
endlayer/tikz/libraries\tikzlibraryshapes.arrows.code.tex"
File: tikzlibraryshapes.arrows.code.tex 2019/02/02 v3.1.1 (3.1.1)

("C:\Users\OdnSpceMaker\AppData\Local\Programs\MiKTeX 2.9\tex/generic/pgf/libra
ries/shapes\pgflibraryshapes.arrows.code.tex"
File: pgflibraryshapes.arrows.code.tex 2019/02/02 v3.1.1 (3.1.1)
))
("C:\Users\OdnSpceMaker\AppData\Local\Programs\MiKTeX 2.9\tex/generic/pgf/front
endlayer/tikz/libraries\tikzlibraryshapes.callouts.code.tex"
("C:\Users\OdnSpceMaker\AppData\Local\Programs\MiKTeX 2.9\tex/generic/pgf/libra
ries/shapes\pgflibraryshapes.callouts.code.tex"))
("C:\Users\OdnSpceMaker\AppData\Local\Programs\MiKTeX 2.9\tex/generic/pgf/front
endlayer/tikz/libraries\tikzlibraryshapes.multipart.code.tex"
File: tikzlibraryshapes.multipart.code.tex 2019/02/02 v3.1.1 (3.1.1)

("C:\Users\OdnSpceMaker\AppData\Local\Programs\MiKTeX 2.9\tex/generic/pgf/libra
ries/shapes\pgflibraryshapes.multipart.code.tex"
File: pgflibraryshapes.multipart.code.tex 2019/02/02 v3.1.1 (3.1.1)
\pgfnodepartlowerbox=\box38
\pgfnodeparttwobox=\box39
\pgfnodepartthreebox=\box40
\pgfnodepartfourbox=\box41
\pgfnodeparttwentybox=\box42
\pgfnodepartnineteenbox=\box43
\pgfnodeparteighteenbox=\box44
\pgfnodepartseventeenbox=\box45
\pgfnodepartsixteenbox=\box46
\pgfnodepartfifteenbox=\box47
\pgfnodepartfourteenbox=\box48
\pgfnodepartthirteenbox=\box49
\pgfnodeparttwelvebox=\box50
\pgfnodepartelevenbox=\box51
\pgfnodeparttenbox=\box52
\pgfnodepartninebox=\box53
\pgfnodeparteightbox=\box54
\pgfnodepartsevenbox=\box55
\pgfnodepartsixbox=\box56
\pgfnodepartfivebox=\box57
)))
("C:\Users\OdnSpceMaker\AppData\Local\Programs\MiKTeX 2.9\tex/generic/pgf/front
endlayer/tikz/libraries\tikzlibrarypositioning.code.tex"
File: tikzlibrarypositioning.code.tex 2019/02/02 v3.1.1 (3.1.1)
)
("C:\Users\OdnSpceMaker\AppData\Local\Programs\MiKTeX 2.9\tex/generic/pgf/front
endlayer/tikz/libraries\tikzlibraryarrows.code.tex"
File: tikzlibraryarrows.code.tex 2019/02/02 v3.1.1 (3.1.1)

("C:\Users\OdnSpceMaker\AppData\Local\Programs\MiKTeX 2.9\tex/generic/pgf/libra
ries\pgflibraryarrows.code.tex"
File: pgflibraryarrows.code.tex 2019/02/02 v3.1.1 (3.1.1)
\arrowsize=\dimen152
))
("C:\Users\OdnSpceMaker\AppData\Local\Programs\MiKTeX 2.9\tex/generic/pgf/front
endlayer/tikz/libraries\tikzlibraryfit.code.tex"
File: tikzlibraryfit.code.tex 2019/02/02 v3.1.1 (3.1.1)
)
("C:\Users\OdnSpceMaker\AppData\Local\Programs\MiKTeX 2.9\tex/generic/pgf/front
endlayer/tikz/libraries\tikzlibrarycalc.code.tex"
File: tikzlibrarycalc.code.tex 2019/02/02 v3.1.1 (3.1.1)
)
("C:\Users\OdnSpceMaker\AppData\Local\Programs\MiKTeX 2.9\tex/generic/pgf/front
endlayer/tikz/libraries/graphs\tikzlibrarygraphs.code.tex"
File: tikzlibrarygraphs.code.tex 2019/02/02 v3.1.1 (3.1.1)
\tikz@lib@auto@number=\count110
\tikz@qnode@count=\count111
)
("C:\Users\OdnSpceMaker\AppData\Local\Programs\MiKTeX 2.9\tex/generic/pgf/front
endlayer/tikz/libraries/graphs\tikzlibrarygraphs.standard.code.tex"
File: tikzlibrarygraphs.standard.code.tex 2019/02/02 v3.1.1 (3.1.1)
)
("C:\Users\OdnSpceMaker\AppData\Local\Programs\MiKTeX 2.9\tex/latex/kpfonts\kpf
onts.sty"
Package: kpfonts  2010/08/20 v3.31

("C:\Users\OdnSpceMaker\AppData\Local\Programs\MiKTeX 2.9\tex/latex/base\textco
mp.sty"
Package: textcomp 2018/08/11 v2.0j Standard LaTeX package
Package textcomp Info: Sub-encoding information:
(textcomp)               5 = only ISO-Adobe without \textcurrency
(textcomp)               4 = 5 + \texteuro
(textcomp)               3 = 4 + \textohm
(textcomp)               2 = 3 + \textestimated + \textcurrency
(textcomp)               1 = TS1 - \textcircled - \t
(textcomp)               0 = TS1 (full)
(textcomp)             Font families with sub-encoding setting implement
(textcomp)             only a restricted character set as indicated.
(textcomp)             Family '?' is the default used for unknown fonts.
(textcomp)             See the documentation for details.
Package textcomp Info: Setting ? sub-encoding to TS1/1 on input line 79.
Package textcomp Info: Changing ? sub-encoding to TS1/0 on input line 80.

("C:\Users\OdnSpceMaker\AppData\Local\Programs\MiKTeX 2.9\tex/latex/base\ts1enc
.def"
File: ts1enc.def 2001/06/05 v3.0e (jk/car/fm) Standard LaTeX file
Now handling font encoding TS1 ...
... processing UTF-8 mapping file for font encoding TS1

("C:\Users\OdnSpceMaker\AppData\Local\Programs\MiKTeX 2.9\tex/latex/base\ts1enc
.dfu"
File: ts1enc.dfu 2018/10/05 v1.2f UTF-8 support for inputenc
   defining Unicode char U+00A2 (decimal 162)
   defining Unicode char U+00A3 (decimal 163)
   defining Unicode char U+00A4 (decimal 164)
   defining Unicode char U+00A5 (decimal 165)
   defining Unicode char U+00A6 (decimal 166)
   defining Unicode char U+00A7 (decimal 167)
   defining Unicode char U+00A8 (decimal 168)
   defining Unicode char U+00A9 (decimal 169)
   defining Unicode char U+00AA (decimal 170)
   defining Unicode char U+00AC (decimal 172)
   defining Unicode char U+00AE (decimal 174)
   defining Unicode char U+00AF (decimal 175)
   defining Unicode char U+00B0 (decimal 176)
   defining Unicode char U+00B1 (decimal 177)
   defining Unicode char U+00B2 (decimal 178)
   defining Unicode char U+00B3 (decimal 179)
   defining Unicode char U+00B4 (decimal 180)
   defining Unicode char U+00B5 (decimal 181)
   defining Unicode char U+00B6 (decimal 182)
   defining Unicode char U+00B7 (decimal 183)
   defining Unicode char U+00B9 (decimal 185)
   defining Unicode char U+00BA (decimal 186)
   defining Unicode char U+00BC (decimal 188)
   defining Unicode char U+00BD (decimal 189)
   defining Unicode char U+00BE (decimal 190)
   defining Unicode char U+00D7 (decimal 215)
   defining Unicode char U+00F7 (decimal 247)
   defining Unicode char U+0192 (decimal 402)
   defining Unicode char U+02C7 (decimal 711)
   defining Unicode char U+02D8 (decimal 728)
   defining Unicode char U+02DD (decimal 733)
   defining Unicode char U+0E3F (decimal 3647)
   defining Unicode char U+2016 (decimal 8214)
   defining Unicode char U+2020 (decimal 8224)
   defining Unicode char U+2021 (decimal 8225)
   defining Unicode char U+2022 (decimal 8226)
   defining Unicode char U+2030 (decimal 8240)
   defining Unicode char U+2031 (decimal 8241)
   defining Unicode char U+203B (decimal 8251)
   defining Unicode char U+203D (decimal 8253)
   defining Unicode char U+2044 (decimal 8260)
   defining Unicode char U+204E (decimal 8270)
   defining Unicode char U+2052 (decimal 8274)
   defining Unicode char U+20A1 (decimal 8353)
   defining Unicode char U+20A4 (decimal 8356)
   defining Unicode char U+20A6 (decimal 8358)
   defining Unicode char U+20A9 (decimal 8361)
   defining Unicode char U+20AB (decimal 8363)
   defining Unicode char U+20AC (decimal 8364)
   defining Unicode char U+20B1 (decimal 8369)
   defining Unicode char U+2103 (decimal 8451)
   defining Unicode char U+2116 (decimal 8470)
   defining Unicode char U+2117 (decimal 8471)
   defining Unicode char U+211E (decimal 8478)
   defining Unicode char U+2120 (decimal 8480)
   defining Unicode char U+2122 (decimal 8482)
   defining Unicode char U+2126 (decimal 8486)
   defining Unicode char U+2127 (decimal 8487)
   defining Unicode char U+212E (decimal 8494)
   defining Unicode char U+2190 (decimal 8592)
   defining Unicode char U+2191 (decimal 8593)
   defining Unicode char U+2192 (decimal 8594)
   defining Unicode char U+2193 (decimal 8595)
   defining Unicode char U+2329 (decimal 9001)
   defining Unicode char U+232A (decimal 9002)
   defining Unicode char U+2422 (decimal 9250)
   defining Unicode char U+25E6 (decimal 9702)
   defining Unicode char U+25EF (decimal 9711)
   defining Unicode char U+266A (decimal 9834)
   defining Unicode char U+FEFF (decimal 65279)
))
LaTeX Info: Redefining \oldstylenums on input line 334.
Package textcomp Info: Setting cmr sub-encoding to TS1/0 on input line 349.
Package textcomp Info: Setting cmss sub-encoding to TS1/0 on input line 350.
Package textcomp Info: Setting cmtt sub-encoding to TS1/0 on input line 351.
Package textcomp Info: Setting cmvtt sub-encoding to TS1/0 on input line 352.
Package textcomp Info: Setting cmbr sub-encoding to TS1/0 on input line 353.
Package textcomp Info: Setting cmtl sub-encoding to TS1/0 on input line 354.
Package textcomp Info: Setting ccr sub-encoding to TS1/0 on input line 355.
Package textcomp Info: Setting ptm sub-encoding to TS1/4 on input line 356.
Package textcomp Info: Setting pcr sub-encoding to TS1/4 on input line 357.
Package textcomp Info: Setting phv sub-encoding to TS1/4 on input line 358.
Package textcomp Info: Setting ppl sub-encoding to TS1/3 on input line 359.
Package textcomp Info: Setting pag sub-encoding to TS1/4 on input line 360.
Package textcomp Info: Setting pbk sub-encoding to TS1/4 on input line 361.
Package textcomp Info: Setting pnc sub-encoding to TS1/4 on input line 362.
Package textcomp Info: Setting pzc sub-encoding to TS1/4 on input line 363.
Package textcomp Info: Setting bch sub-encoding to TS1/4 on input line 364.
Package textcomp Info: Setting put sub-encoding to TS1/5 on input line 365.
Package textcomp Info: Setting uag sub-encoding to TS1/5 on input line 366.
Package textcomp Info: Setting ugq sub-encoding to TS1/5 on input line 367.
Package textcomp Info: Setting ul8 sub-encoding to TS1/4 on input line 368.
Package textcomp Info: Setting ul9 sub-encoding to TS1/4 on input line 369.
Package textcomp Info: Setting augie sub-encoding to TS1/5 on input line 370.
Package textcomp Info: Setting dayrom sub-encoding to TS1/3 on input line 371.
Package textcomp Info: Setting dayroms sub-encoding to TS1/3 on input line 372.

Package textcomp Info: Setting pxr sub-encoding to TS1/0 on input line 373.
Package textcomp Info: Setting pxss sub-encoding to TS1/0 on input line 374.
Package textcomp Info: Setting pxtt sub-encoding to TS1/0 on input line 375.
Package textcomp Info: Setting txr sub-encoding to TS1/0 on input line 376.
Package textcomp Info: Setting txss sub-encoding to TS1/0 on input line 377.
Package textcomp Info: Setting txtt sub-encoding to TS1/0 on input line 378.
Package textcomp Info: Setting lmr sub-encoding to TS1/0 on input line 379.
Package textcomp Info: Setting lmdh sub-encoding to TS1/0 on input line 380.
Package textcomp Info: Setting lmss sub-encoding to TS1/0 on input line 381.
Package textcomp Info: Setting lmssq sub-encoding to TS1/0 on input line 382.
Package textcomp Info: Setting lmvtt sub-encoding to TS1/0 on input line 383.
Package textcomp Info: Setting lmtt sub-encoding to TS1/0 on input line 384.
Package textcomp Info: Setting qhv sub-encoding to TS1/0 on input line 385.
Package textcomp Info: Setting qag sub-encoding to TS1/0 on input line 386.
Package textcomp Info: Setting qbk sub-encoding to TS1/0 on input line 387.
Package textcomp Info: Setting qcr sub-encoding to TS1/0 on input line 388.
Package textcomp Info: Setting qcs sub-encoding to TS1/0 on input line 389.
Package textcomp Info: Setting qpl sub-encoding to TS1/0 on input line 390.
Package textcomp Info: Setting qtm sub-encoding to TS1/0 on input line 391.
Package textcomp Info: Setting qzc sub-encoding to TS1/0 on input line 392.
Package textcomp Info: Setting qhvc sub-encoding to TS1/0 on input line 393.
Package textcomp Info: Setting futs sub-encoding to TS1/4 on input line 394.
Package textcomp Info: Setting futx sub-encoding to TS1/4 on input line 395.
Package textcomp Info: Setting futj sub-encoding to TS1/4 on input line 396.
Package textcomp Info: Setting hlh sub-encoding to TS1/3 on input line 397.
Package textcomp Info: Setting hls sub-encoding to TS1/3 on input line 398.
Package textcomp Info: Setting hlst sub-encoding to TS1/3 on input line 399.
Package textcomp Info: Setting hlct sub-encoding to TS1/5 on input line 400.
Package textcomp Info: Setting hlx sub-encoding to TS1/5 on input line 401.
Package textcomp Info: Setting hlce sub-encoding to TS1/5 on input line 402.
Package textcomp Info: Setting hlcn sub-encoding to TS1/5 on input line 403.
Package textcomp Info: Setting hlcw sub-encoding to TS1/5 on input line 404.
Package textcomp Info: Setting hlcf sub-encoding to TS1/5 on input line 405.
Package textcomp Info: Setting pplx sub-encoding to TS1/3 on input line 406.
Package textcomp Info: Setting pplj sub-encoding to TS1/3 on input line 407.
Package textcomp Info: Setting ptmx sub-encoding to TS1/4 on input line 408.
Package textcomp Info: Setting ptmj sub-encoding to TS1/4 on input line 409.
)
("C:\Users\OdnSpceMaker\AppData\Local\Programs\MiKTeX 2.9\tex/latex/amsmath\ams
math.sty"
Package: amsmath 2018/12/01 v2.17b AMS math features
\@mathmargin=\skip43

For additional information on amsmath, use the `?' option.

("C:\Users\OdnSpceMaker\AppData\Local\Programs\MiKTeX 2.9\tex/latex/amsmath\ams
text.sty"
Package: amstext 2000/06/29 v2.01 AMS text

("C:\Users\OdnSpceMaker\AppData\Local\Programs\MiKTeX 2.9\tex/latex/amsmath\ams
gen.sty"
File: amsgen.sty 1999/11/30 v2.0 generic functions
\@emptytoks=\toks29
\ex@=\dimen153
))
("C:\Users\OdnSpceMaker\AppData\Local\Programs\MiKTeX 2.9\tex/latex/amsmath\ams
bsy.sty"
Package: amsbsy 1999/11/29 v1.2d Bold Symbols
\pmbraise@=\dimen154
)
("C:\Users\OdnSpceMaker\AppData\Local\Programs\MiKTeX 2.9\tex/latex/amsmath\ams
opn.sty"
Package: amsopn 2016/03/08 v2.02 operator names
)
\inf@bad=\count112
LaTeX Info: Redefining \frac on input line 223.
\uproot@=\count113
\leftroot@=\count114
LaTeX Info: Redefining \overline on input line 385.
\classnum@=\count115
\DOTSCASE@=\count116
LaTeX Info: Redefining \ldots on input line 482.
LaTeX Info: Redefining \dots on input line 485.
LaTeX Info: Redefining \cdots on input line 606.
\Mathstrutbox@=\box58
\strutbox@=\box59
\big@size=\dimen155
LaTeX Font Info:    Redeclaring font encoding OML on input line 729.
LaTeX Font Info:    Redeclaring font encoding OMS on input line 730.
\macc@depth=\count117
\c@MaxMatrixCols=\count118
\dotsspace@=\muskip10
\c@parentequation=\count119
\dspbrk@lvl=\count120
\tag@help=\toks30
\row@=\count121
\column@=\count122
\maxfields@=\count123
\andhelp@=\toks31
\eqnshift@=\dimen156
\alignsep@=\dimen157
\tagshift@=\dimen158
\tagwidth@=\dimen159
\totwidth@=\dimen160
\lineht@=\dimen161
\@envbody=\toks32
\multlinegap=\skip44
\multlinetaggap=\skip45
\mathdisplay@stack=\toks33
LaTeX Info: Redefining \[ on input line 2844.
LaTeX Info: Redefining \] on input line 2845.
)
\c@mv@rm=\count124
\c@mv@boldrm=\count125
\c@mv@sf=\count126
\c@mv@boldsf=\count127
LaTeX Font Info:    Redeclaring symbol font `operators' on input line 354.
LaTeX Font Info:    Overwriting symbol font `operators' in version `normal'
(Font)                  OT1/cmr/m/n --> OT1/jkp/m/n on input line 354.
LaTeX Font Info:    Overwriting symbol font `operators' in version `bold'
(Font)                  OT1/cmr/bx/n --> OT1/jkp/m/n on input line 354.
LaTeX Font Info:    Overwriting symbol font `operators' in version `rm'
(Font)                  OT1/cmr/m/n --> OT1/jkp/m/n on input line 354.
LaTeX Font Info:    Overwriting symbol font `operators' in version `boldrm'
(Font)                  OT1/cmr/m/n --> OT1/jkp/m/n on input line 354.
LaTeX Font Info:    Overwriting symbol font `operators' in version `sf'
(Font)                  OT1/cmr/m/n --> OT1/jkp/m/n on input line 354.
LaTeX Font Info:    Overwriting symbol font `operators' in version `boldsf'
(Font)                  OT1/cmr/m/n --> OT1/jkp/m/n on input line 354.
LaTeX Font Info:    Overwriting symbol font `operators' in version `bold'
(Font)                  OT1/jkp/m/n --> OT1/jkp/b/n on input line 355.
LaTeX Font Info:    Overwriting symbol font `operators' in version `rm'
(Font)                  OT1/jkp/m/n --> OT1/jkp/m/n on input line 357.
LaTeX Font Info:    Overwriting symbol font `operators' in version `boldrm'
(Font)                  OT1/jkp/m/n --> OT1/jkp/b/n on input line 358.
LaTeX Font Info:    Overwriting symbol font `operators' in version `sf'
(Font)                  OT1/jkp/m/n --> OT1/jkpss/m/n on input line 359.
LaTeX Font Info:    Overwriting symbol font `operators' in version `boldsf'
(Font)                  OT1/jkp/m/n --> OT1/jkpss/b/n on input line 360.
LaTeX Font Info:    Redeclaring math alphabet \mathrm on input line 364.
LaTeX Font Info:    Overwriting math alphabet `\mathrm' in version `bold'
(Font)                  OT1/jkp/m/n --> OT1/jkp/b/n on input line 365.
LaTeX Font Info:    Overwriting math alphabet `\mathrm' in version `rm'
(Font)                  OT1/jkp/m/n --> OT1/jkp/m/n on input line 366.
LaTeX Font Info:    Overwriting math alphabet `\mathrm' in version `boldrm'
(Font)                  OT1/jkp/m/n --> OT1/jkp/b/n on input line 367.
LaTeX Font Info:    Overwriting math alphabet `\mathrm' in version `sf'
(Font)                  OT1/jkp/m/n --> OT1/jkp/m/n on input line 368.
LaTeX Font Info:    Overwriting math alphabet `\mathrm' in version `boldsf'
(Font)                  OT1/jkp/m/n --> OT1/jkp/b/n on input line 369.
LaTeX Font Info:    Redeclaring math alphabet \mathbf on input line 378.
LaTeX Font Info:    Overwriting math alphabet `\mathbf' in version `normal'
(Font)                  OT1/cmr/bx/n --> OT1/jkp/b/n on input line 378.
LaTeX Font Info:    Overwriting math alphabet `\mathbf' in version `bold'
(Font)                  OT1/cmr/bx/n --> OT1/jkp/b/n on input line 378.
LaTeX Font Info:    Overwriting math alphabet `\mathbf' in version `rm'
(Font)                  OT1/cmr/bx/n --> OT1/jkp/b/n on input line 378.
LaTeX Font Info:    Overwriting math alphabet `\mathbf' in version `boldrm'
(Font)                  OT1/cmr/bx/n --> OT1/jkp/b/n on input line 378.
LaTeX Font Info:    Overwriting math alphabet `\mathbf' in version `sf'
(Font)                  OT1/cmr/bx/n --> OT1/jkp/b/n on input line 378.
LaTeX Font Info:    Overwriting math alphabet `\mathbf' in version `boldsf'
(Font)                  OT1/cmr/bx/n --> OT1/jkp/b/n on input line 378.
LaTeX Font Info:    Overwriting math alphabet `\mathbf' in version `bold'
(Font)                  OT1/jkp/b/n --> OT1/jkp/b/n on input line 379.
LaTeX Font Info:    Overwriting math alphabet `\mathbf' in version `rm'
(Font)                  OT1/jkp/b/n --> OT1/jkp/b/n on input line 381.
LaTeX Font Info:    Overwriting math alphabet `\mathbf' in version `boldrm'
(Font)                  OT1/jkp/b/n --> OT1/jkp/b/n on input line 382.
LaTeX Font Info:    Overwriting math alphabet `\mathbf' in version `sf'
(Font)                  OT1/jkp/b/n --> OT1/jkpss/b/n on input line 383.
LaTeX Font Info:    Overwriting math alphabet `\mathbf' in version `boldsf'
(Font)                  OT1/jkp/b/n --> OT1/jkpss/b/n on input line 384.
LaTeX Font Info:    Redeclaring math alphabet \mathit on input line 390.
LaTeX Font Info:    Overwriting math alphabet `\mathit' in version `normal'
(Font)                  OT1/cmr/m/it --> OT1/jkp/m/it on input line 390.
LaTeX Font Info:    Overwriting math alphabet `\mathit' in version `bold'
(Font)                  OT1/cmr/bx/it --> OT1/jkp/m/it on input line 390.
LaTeX Font Info:    Overwriting math alphabet `\mathit' in version `rm'
(Font)                  OT1/cmr/m/it --> OT1/jkp/m/it on input line 390.
LaTeX Font Info:    Overwriting math alphabet `\mathit' in version `boldrm'
(Font)                  OT1/cmr/m/it --> OT1/jkp/m/it on input line 390.
LaTeX Font Info:    Overwriting math alphabet `\mathit' in version `sf'
(Font)                  OT1/cmr/m/it --> OT1/jkp/m/it on input line 390.
LaTeX Font Info:    Overwriting math alphabet `\mathit' in version `boldsf'
(Font)                  OT1/cmr/m/it --> OT1/jkp/m/it on input line 390.
LaTeX Font Info:    Overwriting math alphabet `\mathit' in version `bold'
(Font)                  OT1/jkp/m/it --> OT1/jkp/b/it on input line 391.
LaTeX Font Info:    Overwriting math alphabet `\mathit' in version `rm'
(Font)                  OT1/jkp/m/it --> OT1/jkp/m/it on input line 393.
LaTeX Font Info:    Overwriting math alphabet `\mathit' in version `boldrm'
(Font)                  OT1/jkp/m/it --> OT1/jkp/b/it on input line 394.
LaTeX Font Info:    Overwriting math alphabet `\mathit' in version `sf'
(Font)                  OT1/jkp/m/it --> OT1/jkpss/m/it on input line 395.
LaTeX Font Info:    Overwriting math alphabet `\mathit' in version `boldsf'
(Font)                  OT1/jkp/m/it --> OT1/jkpss/b/it on input line 396.
LaTeX Font Info:    Redeclaring math alphabet \mathsf on input line 401.
LaTeX Font Info:    Overwriting math alphabet `\mathsf' in version `normal'
(Font)                  OT1/cmss/m/n --> OT1/jkpss/m/n on input line 401.
LaTeX Font Info:    Overwriting math alphabet `\mathsf' in version `bold'
(Font)                  OT1/cmss/bx/n --> OT1/jkpss/m/n on input line 401.
LaTeX Font Info:    Overwriting math alphabet `\mathsf' in version `rm'
(Font)                  OT1/cmss/m/n --> OT1/jkpss/m/n on input line 401.
LaTeX Font Info:    Overwriting math alphabet `\mathsf' in version `boldrm'
(Font)                  OT1/cmss/m/n --> OT1/jkpss/m/n on input line 401.
LaTeX Font Info:    Overwriting math alphabet `\mathsf' in version `sf'
(Font)                  OT1/cmss/m/n --> OT1/jkpss/m/n on input line 401.
LaTeX Font Info:    Overwriting math alphabet `\mathsf' in version `boldsf'
(Font)                  OT1/cmss/m/n --> OT1/jkpss/m/n on input line 401.
LaTeX Font Info:    Overwriting math alphabet `\mathsf' in version `bold'
(Font)                  OT1/jkpss/m/n --> OT1/jkpss/b/n on input line 402.
LaTeX Font Info:    Overwriting math alphabet `\mathsf' in version `rm'
(Font)                  OT1/jkpss/m/n --> OT1/jkpss/m/n on input line 403.
LaTeX Font Info:    Overwriting math alphabet `\mathsf' in version `boldrm'
(Font)                  OT1/jkpss/m/n --> OT1/jkpss/b/n on input line 404.
LaTeX Font Info:    Overwriting math alphabet `\mathsf' in version `sf'
(Font)                  OT1/jkpss/m/n --> OT1/jkpss/m/n on input line 405.
LaTeX Font Info:    Overwriting math alphabet `\mathsf' in version `boldsf'
(Font)                  OT1/jkpss/m/n --> OT1/jkpss/b/n on input line 406.
LaTeX Font Info:    Redeclaring math alphabet \mathtt on input line 410.
LaTeX Font Info:    Overwriting math alphabet `\mathtt' in version `normal'
(Font)                  OT1/cmtt/m/n --> OT1/jkptt/m/n on input line 410.
LaTeX Font Info:    Overwriting math alphabet `\mathtt' in version `bold'
(Font)                  OT1/cmtt/m/n --> OT1/jkptt/m/n on input line 410.
LaTeX Font Info:    Overwriting math alphabet `\mathtt' in version `rm'
(Font)                  OT1/cmtt/m/n --> OT1/jkptt/m/n on input line 410.
LaTeX Font Info:    Overwriting math alphabet `\mathtt' in version `boldrm'
(Font)                  OT1/cmtt/m/n --> OT1/jkptt/m/n on input line 410.
LaTeX Font Info:    Overwriting math alphabet `\mathtt' in version `sf'
(Font)                  OT1/cmtt/m/n --> OT1/jkptt/m/n on input line 410.
LaTeX Font Info:    Overwriting math alphabet `\mathtt' in version `boldsf'
(Font)                  OT1/cmtt/m/n --> OT1/jkptt/m/n on input line 410.
LaTeX Font Info:    Overwriting math alphabet `\mathtt' in version `bold'
(Font)                  OT1/jkptt/m/n --> OT1/jkptt/b/n on input line 411.
LaTeX Font Info:    Overwriting math alphabet `\mathtt' in version `rm'
(Font)                  OT1/jkptt/m/n --> OT1/jkptt/m/n on input line 412.
LaTeX Font Info:    Overwriting math alphabet `\mathtt' in version `boldrm'
(Font)                  OT1/jkptt/m/n --> OT1/jkptt/b/n on input line 413.
LaTeX Font Info:    Overwriting math alphabet `\mathtt' in version `sf'
(Font)                  OT1/jkptt/m/n --> OT1/jkptt/m/n on input line 414.
LaTeX Font Info:    Overwriting math alphabet `\mathtt' in version `boldsf'
(Font)                  OT1/jkptt/m/n --> OT1/jkptt/b/n on input line 415.
LaTeX Font Info:    Redeclaring symbol font `letters' on input line 423.
LaTeX Font Info:    Overwriting symbol font `letters' in version `normal'
(Font)                  OML/cmm/m/it --> OML/jkp/m/it on input line 423.
LaTeX Font Info:    Overwriting symbol font `letters' in version `bold'
(Font)                  OML/cmm/b/it --> OML/jkp/m/it on input line 423.
LaTeX Font Info:    Overwriting symbol font `letters' in version `rm'
(Font)                  OML/cmm/m/it --> OML/jkp/m/it on input line 423.
LaTeX Font Info:    Overwriting symbol font `letters' in version `boldrm'
(Font)                  OML/cmm/m/it --> OML/jkp/m/it on input line 423.
LaTeX Font Info:    Overwriting symbol font `letters' in version `sf'
(Font)                  OML/cmm/m/it --> OML/jkp/m/it on input line 423.
LaTeX Font Info:    Overwriting symbol font `letters' in version `boldsf'
(Font)                  OML/cmm/m/it --> OML/jkp/m/it on input line 423.
LaTeX Font Info:    Overwriting symbol font `letters' in version `bold'
(Font)                  OML/jkp/m/it --> OML/jkp/bx/it on input line 424.
LaTeX Font Info:    Overwriting symbol font `letters' in version `rm'
(Font)                  OML/jkp/m/it --> OML/jkp/m/it on input line 426.
LaTeX Font Info:    Overwriting symbol font `letters' in version `boldrm'
(Font)                  OML/jkp/m/it --> OML/jkp/bx/it on input line 427.
LaTeX Font Info:    Overwriting symbol font `letters' in version `sf'
(Font)                  OML/jkp/m/it --> OML/jkpss/m/it on input line 428.
LaTeX Font Info:    Overwriting symbol font `letters' in version `boldsf'
(Font)                  OML/jkp/m/it --> OML/jkpss/bx/it on input line 429.
\symlettersA=\mathgroup4
LaTeX Font Info:    Overwriting symbol font `lettersA' in version `bold'
(Font)                  U/jkpmia/m/it --> U/jkpmia/bx/it on input line 439.
LaTeX Font Info:    Overwriting symbol font `lettersA' in version `rm'
(Font)                  U/jkpmia/m/it --> U/jkpmia/m/it on input line 441.
LaTeX Font Info:    Overwriting symbol font `lettersA' in version `boldrm'
(Font)                  U/jkpmia/m/it --> U/jkpmia/bx/it on input line 442.
LaTeX Font Info:    Overwriting symbol font `lettersA' in version `sf'
(Font)                  U/jkpmia/m/it --> U/jkpssmia/m/it on input line 443.
LaTeX Font Info:    Overwriting symbol font `lettersA' in version `boldsf'
(Font)                  U/jkpmia/m/it --> U/jkpssmia/bx/it on input line 444.
LaTeX Font Info:    Redeclaring symbol font `symbols' on input line 456.
LaTeX Font Info:    Overwriting symbol font `symbols' in version `normal'
(Font)                  OMS/cmsy/m/n --> OMS/jkp/m/n on input line 456.
LaTeX Font Info:    Overwriting symbol font `symbols' in version `bold'
(Font)                  OMS/cmsy/b/n --> OMS/jkp/m/n on input line 456.
LaTeX Font Info:    Overwriting symbol font `symbols' in version `rm'
(Font)                  OMS/cmsy/m/n --> OMS/jkp/m/n on input line 456.
LaTeX Font Info:    Overwriting symbol font `symbols' in version `boldrm'
(Font)                  OMS/cmsy/m/n --> OMS/jkp/m/n on input line 456.
LaTeX Font Info:    Overwriting symbol font `symbols' in version `sf'
(Font)                  OMS/cmsy/m/n --> OMS/jkp/m/n on input line 456.
LaTeX Font Info:    Overwriting symbol font `symbols' in version `boldsf'
(Font)                  OMS/cmsy/m/n --> OMS/jkp/m/n on input line 456.
LaTeX Font Info:    Overwriting symbol font `symbols' in version `bold'
(Font)                  OMS/jkp/m/n --> OMS/jkp/bx/n on input line 457.
LaTeX Font Info:    Overwriting symbol font `symbols' in version `rm'
(Font)                  OMS/jkp/m/n --> OMS/jkp/m/n on input line 459.
LaTeX Font Info:    Overwriting symbol font `symbols' in version `boldrm'
(Font)                  OMS/jkp/m/n --> OMS/jkp/bx/n on input line 460.
LaTeX Font Info:    Overwriting symbol font `symbols' in version `sf'
(Font)                  OMS/jkp/m/n --> OMS/jkp/m/n on input line 461.
LaTeX Font Info:    Overwriting symbol font `symbols' in version `boldsf'
(Font)                  OMS/jkp/m/n --> OMS/jkp/bx/n on input line 462.
\symAMSa=\mathgroup5
LaTeX Font Info:    Overwriting symbol font `AMSa' in version `bold'
(Font)                  U/jkpsya/m/n --> U/jkpsya/bx/n on input line 476.
LaTeX Font Info:    Overwriting symbol font `AMSa' in version `rm'
(Font)                  U/jkpsya/m/n --> U/jkpsya/m/n on input line 477.
LaTeX Font Info:    Overwriting symbol font `AMSa' in version `boldrm'
(Font)                  U/jkpsya/m/n --> U/jkpsya/bx/n on input line 478.
LaTeX Font Info:    Overwriting symbol font `AMSa' in version `sf'
(Font)                  U/jkpsya/m/n --> U/jkpsya/m/n on input line 479.
LaTeX Font Info:    Overwriting symbol font `AMSa' in version `boldsf'
(Font)                  U/jkpsya/m/n --> U/jkpsya/bx/n on input line 480.
\symAMSb=\mathgroup6
LaTeX Font Info:    Overwriting symbol font `AMSb' in version `bold'
(Font)                  U/jkpsyb/m/n --> U/jkpsyb/bx/n on input line 529.
LaTeX Font Info:    Overwriting symbol font `AMSb' in version `rm'
(Font)                  U/jkpsyb/m/n --> U/jkpsyb/m/n on input line 530.
LaTeX Font Info:    Overwriting symbol font `AMSb' in version `boldrm'
(Font)                  U/jkpsyb/m/n --> U/jkpsyb/bx/n on input line 531.
LaTeX Font Info:    Overwriting symbol font `AMSb' in version `sf'
(Font)                  U/jkpsyb/m/n --> U/jkpsssyb/m/n on input line 532.
LaTeX Font Info:    Overwriting symbol font `AMSb' in version `boldsf'
(Font)                  U/jkpsyb/m/n --> U/jkpsssyb/bx/n on input line 533.
\symsymbolsC=\mathgroup7
LaTeX Font Info:    Overwriting symbol font `symbolsC' in version `bold'
(Font)                  U/jkpsyc/m/n --> U/jkpsyc/bx/n on input line 549.
LaTeX Font Info:    Overwriting symbol font `symbolsC' in version `rm'
(Font)                  U/jkpsyc/m/n --> U/jkpsyc/m/n on input line 551.
LaTeX Font Info:    Overwriting symbol font `symbolsC' in version `boldrm'
(Font)                  U/jkpsyc/m/n --> U/jkpsyc/bx/n on input line 552.
LaTeX Font Info:    Overwriting symbol font `symbolsC' in version `sf'
(Font)                  U/jkpsyc/m/n --> U/jkpsyc/m/n on input line 553.
LaTeX Font Info:    Overwriting symbol font `symbolsC' in version `boldsf'
(Font)                  U/jkpsyc/m/n --> U/jkpsyc/bx/n on input line 554.
LaTeX Font Info:    Overwriting math alphabet `\mathscr' in version `bold'
(Font)                  U/jkpsyd/m/n --> U/jkpsyd/bx/n on input line 583.
LaTeX Font Info:    Overwriting math alphabet `\mathscr' in version `rm'
(Font)                  U/jkpsyd/m/n --> U/jkpsyd/m/n on input line 585.
LaTeX Font Info:    Overwriting math alphabet `\mathscr' in version `boldrm'
(Font)                  U/jkpsyd/m/n --> U/jkpsyd/bx/n on input line 586.
LaTeX Font Info:    Overwriting math alphabet `\mathscr' in version `sf'
(Font)                  U/jkpsyd/m/n --> U/jkpsyd/m/n on input line 587.
LaTeX Font Info:    Overwriting math alphabet `\mathscr' in version `boldsf'
(Font)                  U/jkpsyd/m/n --> U/jkpsyd/bx/n on input line 588.
LaTeX Font Info:    Redeclaring symbol font `largesymbols' on input line 598.
LaTeX Font Info:    Overwriting symbol font `largesymbols' in version `normal'
(Font)                  OMX/cmex/m/n --> OMX/jkp/m/n on input line 598.
LaTeX Font Info:    Overwriting symbol font `largesymbols' in version `bold'
(Font)                  OMX/cmex/m/n --> OMX/jkp/m/n on input line 598.
LaTeX Font Info:    Overwriting symbol font `largesymbols' in version `rm'
(Font)                  OMX/cmex/m/n --> OMX/jkp/m/n on input line 598.
LaTeX Font Info:    Overwriting symbol font `largesymbols' in version `boldrm'
(Font)                  OMX/cmex/m/n --> OMX/jkp/m/n on input line 598.
LaTeX Font Info:    Overwriting symbol font `largesymbols' in version `sf'
(Font)                  OMX/cmex/m/n --> OMX/jkp/m/n on input line 598.
LaTeX Font Info:    Overwriting symbol font `largesymbols' in version `boldsf'
(Font)                  OMX/cmex/m/n --> OMX/jkp/m/n on input line 598.
LaTeX Font Info:    Overwriting symbol font `largesymbols' in version `bold'
(Font)                  OMX/jkp/m/n --> OMX/jkp/bx/n on input line 599.
LaTeX Font Info:    Overwriting symbol font `largesymbols' in version `rm'
(Font)                  OMX/jkp/m/n --> OMX/jkp/m/n on input line 601.
LaTeX Font Info:    Overwriting symbol font `largesymbols' in version `boldrm'
(Font)                  OMX/jkp/m/n --> OMX/jkp/bx/n on input line 602.
LaTeX Font Info:    Overwriting symbol font `largesymbols' in version `sf'
(Font)                  OMX/jkp/m/n --> OMX/jkpss/m/n on input line 603.
LaTeX Font Info:    Overwriting symbol font `largesymbols' in version `boldsf'
(Font)                  OMX/jkp/m/n --> OMX/jkpss/bx/n on input line 604.
\symlargesymbolsA=\mathgroup8
LaTeX Font Info:    Overwriting symbol font `largesymbolsA' in version `bold'
(Font)                  U/jkpexa/m/n --> U/jkpexa/bx/n on input line 615.
LaTeX Font Info:    Overwriting symbol font `largesymbolsA' in version `rm'
(Font)                  U/jkpexa/m/n --> U/jkpexa/m/n on input line 617.
LaTeX Font Info:    Overwriting symbol font `largesymbolsA' in version `boldrm'

(Font)                  U/jkpexa/m/n --> U/jkpexa/bx/n on input line 618.
LaTeX Font Info:    Overwriting symbol font `largesymbolsA' in version `sf'
(Font)                  U/jkpexa/m/n --> U/jkpexa/m/n on input line 619.
LaTeX Font Info:    Overwriting symbol font `largesymbolsA' in version `boldsf'

(Font)                  U/jkpexa/m/n --> U/jkpexa/bx/n on input line 620.
LaTeX Info: Redefining \not on input line 1580.
)
("C:\Users\OdnSpceMaker\AppData\Local\Programs\MiKTeX 2.9\tex/latex/sourcesansp
ro\sourcesanspro.sty"
Package: sourcesanspro 2016/12/03 v2.6 Adobe's Source Sans Pro typeface

("C:\Users\OdnSpceMaker\AppData\Local\Programs\MiKTeX 2.9\tex/generic/ifxetex\i
fxetex.sty"
Package: ifxetex 2010/09/12 v0.6 Provides ifxetex conditional
)
("C:\Users\OdnSpceMaker\AppData\Local\Programs\MiKTeX 2.9\tex/generic/oberdiek\
ifluatex.sty"
Package: ifluatex 2016/05/16 v1.4 Provides the ifluatex switch (HO)
Package ifluatex Info: LuaTeX not detected.
)
("C:\Users\OdnSpceMaker\AppData\Local\Programs\MiKTeX 2.9\tex/latex/xkeyval\xke
yval.sty"
Package: xkeyval 2014/12/03 v2.7a package option processing (HA)

("C:\Users\OdnSpceMaker\AppData\Local\Programs\MiKTeX 2.9\tex/generic/xkeyval\x
keyval.tex"
("C:\Users\OdnSpceMaker\AppData\Local\Programs\MiKTeX 2.9\tex/generic/xkeyval\x
kvutils.tex"
\XKV@toks=\toks34
\XKV@tempa@toks=\toks35
)
\XKV@depth=\count128
File: xkeyval.tex 2014/12/03 v2.7a key=value parser (HA)
))
("C:\Users\OdnSpceMaker\AppData\Local\Programs\MiKTeX 2.9\tex/latex/base\fonten
c.sty"
Package: fontenc 2018/08/11 v2.0j Standard LaTeX package

("C:\Users\OdnSpceMaker\AppData\Local\Programs\MiKTeX 2.9\tex/latex/base\ot1enc
.def"
File: ot1enc.def 2018/08/11 v2.0j Standard LaTeX file
LaTeX Font Info:    Redeclaring font encoding OT1 on input line 48.
)
("C:\Users\OdnSpceMaker\AppData\Local\Programs\MiKTeX 2.9\tex/latex/ly1\ly1enc.
def"
File: ly1enc.def 2009/07/22 v0.7 TeX 'n ANSI encoding (DPC/KB)
Now handling font encoding LY1 ...
... processing UTF-8 mapping file for font encoding LY1

("C:\Users\OdnSpceMaker\AppData\Local\Programs\MiKTeX 2.9\tex/latex/base\ly1enc
.dfu"
File: ly1enc.dfu 2018/10/05 v1.2f UTF-8 support for inputenc
   defining Unicode char U+00A0 (decimal 160)
   defining Unicode char U+00A1 (decimal 161)
   defining Unicode char U+00A2 (decimal 162)
   defining Unicode char U+00A3 (decimal 163)
   defining Unicode char U+00A4 (decimal 164)
   defining Unicode char U+00A5 (decimal 165)
   defining Unicode char U+00A6 (decimal 166)
   defining Unicode char U+00A7 (decimal 167)
   defining Unicode char U+00AA (decimal 170)
   defining Unicode char U+00AB (decimal 171)
   defining Unicode char U+00AD (decimal 173)
   defining Unicode char U+00AE (decimal 174)
   defining Unicode char U+00B0 (decimal 176)
   defining Unicode char U+00B5 (decimal 181)
   defining Unicode char U+00B6 (decimal 182)
   defining Unicode char U+00B7 (decimal 183)
   defining Unicode char U+00BA (decimal 186)
   defining Unicode char U+00BB (decimal 187)
   defining Unicode char U+00BC (decimal 188)
   defining Unicode char U+00BD (decimal 189)
   defining Unicode char U+00BE (decimal 190)
   defining Unicode char U+00BF (decimal 191)
   defining Unicode char U+00C0 (decimal 192)
   defining Unicode char U+00C1 (decimal 193)
   defining Unicode char U+00C2 (decimal 194)
   defining Unicode char U+00C3 (decimal 195)
   defining Unicode char U+00C4 (decimal 196)
   defining Unicode char U+00C5 (decimal 197)
   defining Unicode char U+00C6 (decimal 198)
   defining Unicode char U+00C7 (decimal 199)
   defining Unicode char U+00C8 (decimal 200)
   defining Unicode char U+00C9 (decimal 201)
   defining Unicode char U+00CA (decimal 202)
   defining Unicode char U+00CB (decimal 203)
   defining Unicode char U+00CC (decimal 204)
   defining Unicode char U+00CD (decimal 205)
   defining Unicode char U+00CE (decimal 206)
   defining Unicode char U+00CF (decimal 207)
   defining Unicode char U+00D0 (decimal 208)
   defining Unicode char U+00D1 (decimal 209)
   defining Unicode char U+00D2 (decimal 210)
   defining Unicode char U+00D3 (decimal 211)
   defining Unicode char U+00D4 (decimal 212)
   defining Unicode char U+00D5 (decimal 213)
   defining Unicode char U+00D6 (decimal 214)
   defining Unicode char U+00D8 (decimal 216)
   defining Unicode char U+00D9 (decimal 217)
   defining Unicode char U+00DA (decimal 218)
   defining Unicode char U+00DB (decimal 219)
   defining Unicode char U+00DC (decimal 220)
   defining Unicode char U+00DD (decimal 221)
   defining Unicode char U+00DE (decimal 222)
   defining Unicode char U+00DF (decimal 223)
   defining Unicode char U+00E0 (decimal 224)
   defining Unicode char U+00E1 (decimal 225)
   defining Unicode char U+00E2 (decimal 226)
   defining Unicode char U+00E3 (decimal 227)
   defining Unicode char U+00E4 (decimal 228)
   defining Unicode char U+00E5 (decimal 229)
   defining Unicode char U+00E6 (decimal 230)
   defining Unicode char U+00E7 (decimal 231)
   defining Unicode char U+00E8 (decimal 232)
   defining Unicode char U+00E9 (decimal 233)
   defining Unicode char U+00EA (decimal 234)
   defining Unicode char U+00EB (decimal 235)
   defining Unicode char U+00EC (decimal 236)
   defining Unicode char U+00ED (decimal 237)
   defining Unicode char U+00EE (decimal 238)
   defining Unicode char U+00EF (decimal 239)
   defining Unicode char U+00F0 (decimal 240)
   defining Unicode char U+00F1 (decimal 241)
   defining Unicode char U+00F2 (decimal 242)
   defining Unicode char U+00F3 (decimal 243)
   defining Unicode char U+00F4 (decimal 244)
   defining Unicode char U+00F5 (decimal 245)
   defining Unicode char U+00F6 (decimal 246)
   defining Unicode char U+00F8 (decimal 248)
   defining Unicode char U+00F9 (decimal 249)
   defining Unicode char U+00FA (decimal 250)
   defining Unicode char U+00FB (decimal 251)
   defining Unicode char U+00FC (decimal 252)
   defining Unicode char U+00FD (decimal 253)
   defining Unicode char U+00FE (decimal 254)
   defining Unicode char U+00FF (decimal 255)
   defining Unicode char U+0131 (decimal 305)
   defining Unicode char U+0141 (decimal 321)
   defining Unicode char U+0142 (decimal 322)
   defining Unicode char U+0152 (decimal 338)
   defining Unicode char U+0153 (decimal 339)
   defining Unicode char U+0160 (decimal 352)
   defining Unicode char U+0161 (decimal 353)
   defining Unicode char U+0174 (decimal 372)
   defining Unicode char U+0175 (decimal 373)
   defining Unicode char U+0176 (decimal 374)
   defining Unicode char U+0177 (decimal 375)
   defining Unicode char U+0178 (decimal 376)
   defining Unicode char U+017D (decimal 381)
   defining Unicode char U+017E (decimal 382)
   defining Unicode char U+0192 (decimal 402)
   defining Unicode char U+0218 (decimal 536)
   defining Unicode char U+0219 (decimal 537)
   defining Unicode char U+021A (decimal 538)
   defining Unicode char U+021B (decimal 539)
   defining Unicode char U+0237 (decimal 567)
   defining Unicode char U+02C6 (decimal 710)
   defining Unicode char U+02DC (decimal 732)
   defining Unicode char U+2013 (decimal 8211)
   defining Unicode char U+2014 (decimal 8212)
   defining Unicode char U+201C (decimal 8220)
   defining Unicode char U+201D (decimal 8221)
   defining Unicode char U+2020 (decimal 8224)
   defining Unicode char U+2021 (decimal 8225)
   defining Unicode char U+2022 (decimal 8226)
   defining Unicode char U+2026 (decimal 8230)
   defining Unicode char U+2030 (decimal 8240)
   defining Unicode char U+2039 (decimal 8249)
   defining Unicode char U+203A (decimal 8250)
   defining Unicode char U+2122 (decimal 8482)
))
("C:\Users\OdnSpceMaker\AppData\Local\Programs\MiKTeX 2.9\tex/latex/base\t1enc.
def"
File: t1enc.def 2018/08/11 v2.0j Standard LaTeX file
LaTeX Font Info:    Redeclaring font encoding T1 on input line 48.
)
LaTeX Font Info:    Try loading font information for T1+ptm on input line 105.

("C:\Users\OdnSpceMaker\AppData\Local\Programs\MiKTeX 2.9\tex/latex/psnfss\t1pt
m.fd"
File: t1ptm.fd 2001/06/04 font definitions for T1/ptm.
))
("C:\Users\OdnSpceMaker\AppData\Local\Programs\MiKTeX 2.9\tex/latex/mweights\mw
eights.sty"
Package: mweights 2017/03/30 (Bob Tennent) Support package for multiple-weight 
font packages. 
LaTeX Info: Redefining \bfseries on input line 22.
LaTeX Info: Redefining \mdseries on input line 30.
LaTeX Info: Redefining \rmfamily on input line 38.
LaTeX Info: Redefining \sffamily on input line 66.
LaTeX Info: Redefining \ttfamily on input line 94.
))
("C:\Users\OdnSpceMaker\AppData\Local\Programs\MiKTeX 2.9\tex/latex/tools\multi
col.sty"
Package: multicol 2018/11/09 v1.8u multicolumn formatting (FMi)
\c@tracingmulticols=\count129
\mult@box=\box60
\multicol@leftmargin=\dimen162
\c@unbalance=\count130
\c@collectmore=\count131
\doublecol@number=\count132
\multicoltolerance=\count133
\multicolpretolerance=\count134
\full@width=\dimen163
\page@free=\dimen164
\premulticols=\dimen165
\postmulticols=\dimen166
\multicolsep=\skip46
\multicolbaselineskip=\skip47
\partial@page=\box61
\last@line=\box62
\maxbalancingoverflow=\dimen167
\mult@rightbox=\box63
\mult@grightbox=\box64
\mult@gfirstbox=\box65
\mult@firstbox=\box66
\@tempa=\box67
\@tempa=\box68
\@tempa=\box69
\@tempa=\box70
\@tempa=\box71
\@tempa=\box72
\@tempa=\box73
\@tempa=\box74
\@tempa=\box75
\@tempa=\box76
\@tempa=\box77
\@tempa=\box78
\@tempa=\box79
\@tempa=\box80
\@tempa=\box81
\@tempa=\box82
\@tempa=\box83
\c@columnbadness=\count135
\c@finalcolumnbadness=\count136
\last@try=\dimen168
\multicolovershoot=\dimen169
\multicolundershoot=\dimen170
\mult@nat@firstbox=\box84
\colbreak@box=\box85
\mc@col@check@num=\count137
)
("C:\Users\OdnSpceMaker\AppData\Local\Programs\MiKTeX 2.9\tex/latex/wrapfig\wra
pfig.sty"
\wrapoverhang=\dimen171
\WF@size=\dimen172
\c@WF@wrappedlines=\count138
\WF@box=\box86
\WF@everypar=\toks36
Package: wrapfig 2003/01/31  v 3.6
)
("C:\Users\OdnSpceMaker\AppData\Local\Programs\MiKTeX 2.9\tex/latex/geometry\ge
ometry.sty"
Package: geometry 2018/04/16 v5.8 Page Geometry

("C:\Users\OdnSpceMaker\AppData\Local\Programs\MiKTeX 2.9\tex/generic/oberdiek\
ifpdf.sty"
Package: ifpdf 2018/09/07 v3.3 Provides the ifpdf switch
)
("C:\Users\OdnSpceMaker\AppData\Local\Programs\MiKTeX 2.9\tex/generic/oberdiek\
ifvtex.sty"
Package: ifvtex 2016/05/16 v1.6 Detect VTeX and its facilities (HO)
Package ifvtex Info: VTeX not detected.
)
\Gm@cnth=\count139
\Gm@cntv=\count140
\c@Gm@tempcnt=\count141
\Gm@bindingoffset=\dimen173
\Gm@wd@mp=\dimen174
\Gm@odd@mp=\dimen175
\Gm@even@mp=\dimen176
\Gm@layoutwidth=\dimen177
\Gm@layoutheight=\dimen178
\Gm@layouthoffset=\dimen179
\Gm@layoutvoffset=\dimen180
\Gm@dimlist=\toks37

("C:\Users\OdnSpceMaker\AppData\Local\Programs\MiKTeX 2.9\tex/latex/geometry\ge
ometry.cfg"))
("C:\Users\OdnSpceMaker\AppData\Local\Programs\MiKTeX 2.9\tex/latex/mdframed\md
framed.sty"
Package: mdframed 2013/07/01 1.9b: mdframed

("C:\Users\OdnSpceMaker\AppData\Local\Programs\MiKTeX 2.9\tex/latex/oberdiek\kv
options.sty"
Package: kvoptions 2016/05/16 v3.12 Key value format for package options (HO)

("C:\Users\OdnSpceMaker\AppData\Local\Programs\MiKTeX 2.9\tex/generic/oberdiek\
ltxcmds.sty"
Package: ltxcmds 2016/05/16 v1.23 LaTeX kernel commands for general use (HO)
)
("C:\Users\OdnSpceMaker\AppData\Local\Programs\MiKTeX 2.9\tex/generic/oberdiek\
kvsetkeys.sty"
Package: kvsetkeys 2016/05/16 v1.17 Key value parser (HO)

("C:\Users\OdnSpceMaker\AppData\Local\Programs\MiKTeX 2.9\tex/generic/oberdiek\
infwarerr.sty"
Package: infwarerr 2016/05/16 v1.4 Providing info/warning/error messages (HO)
)
("C:\Users\OdnSpceMaker\AppData\Local\Programs\MiKTeX 2.9\tex/generic/oberdiek\
etexcmds.sty"
Package: etexcmds 2016/05/16 v1.6 Avoid name clashes with e-TeX commands (HO)
)))
("C:\Users\OdnSpceMaker\AppData\Local\Programs\MiKTeX 2.9\tex/latex/l3packages/
xparse\xparse.sty"
("C:\Users\OdnSpceMaker\AppData\Local\Programs\MiKTeX 2.9\tex/latex/l3kernel\ex
pl3.sty"
Package: expl3 2019-03-05 L3 programming layer (loader) 

("C:\Users\OdnSpceMaker\AppData\Local\Programs\MiKTeX 2.9\tex/latex/l3kernel\ex
pl3-code.tex"
Package: expl3 2019-03-05 L3 programming layer (code)
\c_max_int=\count142
\l_tmpa_int=\count143
\l_tmpb_int=\count144
\g_tmpa_int=\count145
\g_tmpb_int=\count146
\g__kernel_prg_map_int=\count147
\c_log_iow=\count148
\l_iow_line_count_int=\count149
\l__iow_line_target_int=\count150
\l__iow_one_indent_int=\count151
\l__iow_indent_int=\count152
\c_zero_dim=\dimen181
\c_max_dim=\dimen182
\l_tmpa_dim=\dimen183
\l_tmpb_dim=\dimen184
\g_tmpa_dim=\dimen185
\g_tmpb_dim=\dimen186
\c_zero_skip=\skip48
\c_max_skip=\skip49
\l_tmpa_skip=\skip50
\l_tmpb_skip=\skip51
\g_tmpa_skip=\skip52
\g_tmpb_skip=\skip53
\c_zero_muskip=\muskip11
\c_max_muskip=\muskip12
\l_tmpa_muskip=\muskip13
\l_tmpb_muskip=\muskip14
\g_tmpa_muskip=\muskip15
\g_tmpb_muskip=\muskip16
\l_keys_choice_int=\count153
\l__intarray_loop_int=\count154
\c__intarray_sp_dim=\dimen187
\g__intarray_font_int=\count155
\c__fp_leading_shift_int=\count156
\c__fp_middle_shift_int=\count157
\c__fp_trailing_shift_int=\count158
\c__fp_big_leading_shift_int=\count159
\c__fp_big_middle_shift_int=\count160
\c__fp_big_trailing_shift_int=\count161
\c__fp_Bigg_leading_shift_int=\count162
\c__fp_Bigg_middle_shift_int=\count163
\c__fp_Bigg_trailing_shift_int=\count164
\c__kernel_randint_max_int=\count165
\g__fp_array_int=\count166
\l__fp_array_loop_int=\count167
\l__sort_length_int=\count168
\l__sort_min_int=\count169
\l__sort_top_int=\count170
\l__sort_max_int=\count171
\l__sort_true_max_int=\count172
\l__sort_block_int=\count173
\l__sort_begin_int=\count174
\l__sort_end_int=\count175
\l__sort_A_int=\count176
\l__sort_B_int=\count177
\l__sort_C_int=\count178
\l__tl_analysis_normal_int=\count179
\l__tl_analysis_index_int=\count180
\l__tl_analysis_nesting_int=\count181
\l__tl_analysis_type_int=\count182
\l__regex_internal_a_int=\count183
\l__regex_internal_b_int=\count184
\l__regex_internal_c_int=\count185
\l__regex_balance_int=\count186
\l__regex_group_level_int=\count187
\l__regex_mode_int=\count188
\c__regex_cs_in_class_mode_int=\count189
\c__regex_cs_mode_int=\count190
\l__regex_catcodes_int=\count191
\l__regex_default_catcodes_int=\count192
\c__regex_catcode_D_int=\count193
\c__regex_catcode_S_int=\count194
\c__regex_catcode_L_int=\count195
\c__regex_catcode_O_int=\count196
\c__regex_catcode_A_int=\count197
\c__regex_all_catcodes_int=\count198
\l__regex_show_lines_int=\count199
\l__regex_min_state_int=\count266
\l__regex_max_state_int=\count267
\l__regex_left_state_int=\count268
\l__regex_right_state_int=\count269
\l__regex_capturing_group_int=\count270
\l__regex_min_pos_int=\count271
\l__regex_max_pos_int=\count272
\l__regex_curr_pos_int=\count273
\l__regex_start_pos_int=\count274
\l__regex_success_pos_int=\count275
\l__regex_curr_char_int=\count276
\l__regex_curr_catcode_int=\count277
\l__regex_last_char_int=\count278
\l__regex_case_changed_char_int=\count279
\l__regex_curr_state_int=\count280
\l__regex_step_int=\count281
\l__regex_min_active_int=\count282
\l__regex_max_active_int=\count283
\l__regex_replacement_csnames_int=\count284
\l__regex_match_count_int=\count285
\l__regex_min_submatch_int=\count286
\l__regex_submatch_int=\count287
\l__regex_zeroth_submatch_int=\count288
\g__regex_trace_regex_int=\count289
\c_empty_box=\box87
\l_tmpa_box=\box88
\l_tmpb_box=\box89
\g_tmpa_box=\box90
\g_tmpb_box=\box91
\l__box_top_dim=\dimen188
\l__box_bottom_dim=\dimen189
\l__box_left_dim=\dimen190
\l__box_right_dim=\dimen191
\l__box_top_new_dim=\dimen192
\l__box_bottom_new_dim=\dimen193
\l__box_left_new_dim=\dimen194
\l__box_right_new_dim=\dimen195
\l__box_internal_box=\box92
\l__coffin_internal_box=\box93
\l__coffin_internal_dim=\dimen196
\l__coffin_offset_x_dim=\dimen197
\l__coffin_offset_y_dim=\dimen198
\l__coffin_x_dim=\dimen199
\l__coffin_y_dim=\dimen256
\l__coffin_x_prime_dim=\dimen257
\l__coffin_y_prime_dim=\dimen258
\c_empty_coffin=\box94
\l__coffin_aligned_coffin=\box95
\l__coffin_aligned_internal_coffin=\box96
\l_tmpa_coffin=\box97
\l_tmpb_coffin=\box98
\g_tmpa_coffin=\box99
\g_tmpb_coffin=\box100
\l__coffin_bounding_shift_dim=\dimen259
\l__coffin_left_corner_dim=\dimen260
\l__coffin_right_corner_dim=\dimen261
\l__coffin_bottom_corner_dim=\dimen262
\l__coffin_top_corner_dim=\dimen263
\l__coffin_scaled_total_height_dim=\dimen264
\l__coffin_scaled_width_dim=\dimen265
\c__coffin_empty_coffin=\box101
\l__coffin_display_coffin=\box102
\l__coffin_display_coord_coffin=\box103
\l__coffin_display_pole_coffin=\box104
\l__coffin_display_offset_dim=\dimen266
\l__coffin_display_x_dim=\dimen267
\l__coffin_display_y_dim=\dimen268
\g__file_internal_ior=\read2
\l__seq_internal_a_int=\count290
\l__seq_internal_b_int=\count291
\c__deprecation_minus_one=\count292
)
("C:\Users\OdnSpceMaker\AppData\Local\Programs\MiKTeX 2.9\tex/latex/l3kernel\l3
pdfmode.def"
File: l3pdfmode.def 2019-03-05 v L3 Experimental driver: PDF mode
\l__driver_color_stack_int=\count293
))
Package: xparse 2019-03-05 L3 Experimental document command parser
\l__xparse_current_arg_int=\count294
\g__xparse_grabber_int=\count295
\l__xparse_m_args_int=\count296
\l__xparse_v_nesting_int=\count297
)
("C:\Users\OdnSpceMaker\AppData\Local\Programs\MiKTeX 2.9\tex/latex/etoolbox\et
oolbox.sty"
Package: etoolbox 2018/08/19 v2.5f e-TeX tools for LaTeX (JAW)
\etb@tempcnta=\count298
)
("C:\Users\OdnSpceMaker\AppData\Local\Programs\MiKTeX 2.9\tex/latex/oberdiek\zr
ef-abspage.sty"
Package: zref-abspage 2018/11/21 v2.27 Module abspage for zref (HO)

("C:\Users\OdnSpceMaker\AppData\Local\Programs\MiKTeX 2.9\tex/latex/oberdiek\zr
ef-base.sty"
Package: zref-base 2018/11/21 v2.27 Module base for zref (HO)

("C:\Users\OdnSpceMaker\AppData\Local\Programs\MiKTeX 2.9\tex/generic/oberdiek\
kvdefinekeys.sty"
Package: kvdefinekeys 2016/05/16 v1.4 Define keys (HO)
)
("C:\Users\OdnSpceMaker\AppData\Local\Programs\MiKTeX 2.9\tex/generic/oberdiek\
pdftexcmds.sty"
Package: pdftexcmds 2018/09/10 v0.29 Utility functions of pdfTeX for LuaTeX (HO
)
Package pdftexcmds Info: LuaTeX not detected.
Package pdftexcmds Info: \pdf@primitive is available.
Package pdftexcmds Info: \pdf@ifprimitive is available.
Package pdftexcmds Info: \pdfdraftmode found.
)
("C:\Users\OdnSpceMaker\AppData\Local\Programs\MiKTeX 2.9\tex/latex/oberdiek\au
xhook.sty"
Package: auxhook 2016/05/16 v1.4 Hooks for auxiliary files (HO)
)
Package zref Info: New property list: main on input line 759.
Package zref Info: New property: default on input line 760.
Package zref Info: New property: page on input line 761.
)
("C:\Users\OdnSpceMaker\AppData\Local\Programs\MiKTeX 2.9\tex/generic/oberdiek\
atbegshi.sty"
Package: atbegshi 2016/06/09 v1.18 At begin shipout hook (HO)
)
\c@abspage=\count299
Package zref Info: New property: abspage on input line 62.
)
("C:\Users\OdnSpceMaker\AppData\Local\Programs\MiKTeX 2.9\tex/latex/needspace\n
eedspace.sty"
Package: needspace 2010/09/12 v1.3d reserve vertical space
)
\mdf@templength=\skip54
\c@mdf@globalstyle@cnt=\count300
\mdf@skipabove@length=\skip55
\mdf@skipbelow@length=\skip56
\mdf@leftmargin@length=\skip57
\mdf@rightmargin@length=\skip58
\mdf@innerleftmargin@length=\skip59
\mdf@innerrightmargin@length=\skip60
\mdf@innertopmargin@length=\skip61
\mdf@innerbottommargin@length=\skip62
\mdf@splittopskip@length=\skip63
\mdf@splitbottomskip@length=\skip64
\mdf@outermargin@length=\skip65
\mdf@innermargin@length=\skip66
\mdf@linewidth@length=\skip67
\mdf@innerlinewidth@length=\skip68
\mdf@middlelinewidth@length=\skip69
\mdf@outerlinewidth@length=\skip70
\mdf@roundcorner@length=\skip71
\mdf@footenotedistance@length=\skip72
\mdf@userdefinedwidth@length=\skip73
\mdf@needspace@length=\skip74
\mdf@frametitleaboveskip@length=\skip75
\mdf@frametitlebelowskip@length=\skip76
\mdf@frametitlerulewidth@length=\skip77
\mdf@frametitleleftmargin@length=\skip78
\mdf@frametitlerightmargin@length=\skip79
\mdf@shadowsize@length=\skip80
\mdf@extratopheight@length=\skip81
\mdf@subtitleabovelinewidth@length=\skip82
\mdf@subtitlebelowlinewidth@length=\skip83
\mdf@subtitleaboveskip@length=\skip84
\mdf@subtitlebelowskip@length=\skip85
\mdf@subtitleinneraboveskip@length=\skip86
\mdf@subtitleinnerbelowskip@length=\skip87
\mdf@subsubtitleabovelinewidth@length=\skip88
\mdf@subsubtitlebelowlinewidth@length=\skip89
\mdf@subsubtitleaboveskip@length=\skip90
\mdf@subsubtitlebelowskip@length=\skip91
\mdf@subsubtitleinneraboveskip@length=\skip92
\mdf@subsubtitleinnerbelowskip@length=\skip93

("C:\Users\OdnSpceMaker\AppData\Local\Programs\MiKTeX 2.9\tex/latex/mdframed\md
-frame-1.mdf"
File: md-frame-1.mdf 2013/07/01\ 1.9b: md-frame-1
)
\mdf@frametitlebox=\box105
\mdf@footnotebox=\box106
\mdf@splitbox@one=\box107
\mdf@splitbox@two=\box108
\mdf@splitbox@save=\box109
\mdfsplitboxwidth=\skip94
\mdfsplitboxtotalwidth=\skip95
\mdfsplitboxheight=\skip96
\mdfsplitboxdepth=\skip97
\mdfsplitboxtotalheight=\skip98
\mdfframetitleboxwidth=\skip99
\mdfframetitleboxtotalwidth=\skip100
\mdfframetitleboxheight=\skip101
\mdfframetitleboxdepth=\skip102
\mdfframetitleboxtotalheight=\skip103
\mdffootnoteboxwidth=\skip104
\mdffootnoteboxtotalwidth=\skip105
\mdffootnoteboxheight=\skip106
\mdffootnoteboxdepth=\skip107
\mdffootnoteboxtotalheight=\skip108
\mdftotallinewidth=\skip109
\mdfboundingboxwidth=\skip110
\mdfboundingboxtotalwidth=\skip111
\mdfboundingboxheight=\skip112
\mdfboundingboxdepth=\skip113
\mdfboundingboxtotalheight=\skip114
\mdf@freevspace@length=\skip115
\mdf@horizontalwidthofbox@length=\skip116
\mdf@verticalmarginwhole@length=\skip117
\mdf@horizontalspaceofbox=\skip118
\mdfsubtitleheight=\skip119
\mdfsubsubtitleheight=\skip120
\c@mdfcountframes=\count301

****** mdframed patching \endmdf@trivlist

****** -- success******

\mdf@envdepth=\count302
\c@mdf@env@i=\count303
\c@mdf@env@ii=\count304
\c@mdf@zref@counter=\count305
Package zref Info: New property: mdf@pagevalue on input line 895.
)
("C:\Users\OdnSpceMaker\AppData\Local\Programs\MiKTeX 2.9\tex/latex/microtype\m
icrotype.sty"
Package: microtype 2019/02/28 v2.7b Micro-typographical refinements (RS)
\MT@toks=\toks38
\MT@count=\count306
LaTeX Info: Redefining \textls on input line 790.
\MT@outer@kern=\dimen269
LaTeX Info: Redefining \textmicrotypecontext on input line 1336.
\MT@listname@count=\count307

("C:\Users\OdnSpceMaker\AppData\Local\Programs\MiKTeX 2.9\tex/latex/microtype\m
icrotype-pdftex.def"
File: microtype-pdftex.def 2019/02/28 v2.7b Definitions specific to pdftex (RS)

LaTeX Info: Redefining \lsstyle on input line 914.
LaTeX Info: Redefining \lslig on input line 914.
\MT@outer@space=\skip121
)
Package microtype Info: Loading configuration file microtype.cfg.

("C:\Users\OdnSpceMaker\AppData\Local\Programs\MiKTeX 2.9\tex/latex/microtype\m
icrotype.cfg"
File: microtype.cfg 2019/02/28 v2.7b microtype main configuration file (RS)
))
("C:\Users\OdnSpceMaker\AppData\Local\Programs\MiKTeX 2.9\tex/latex/pdfpages\pd
fpages.sty"
Package: pdfpages 2017/10/31 v0.5l Insert pages of external PDF documents (AM)

("C:\Users\OdnSpceMaker\AppData\Local\Programs\MiKTeX 2.9\tex/latex/base\ifthen
.sty"
Package: ifthen 2014/09/29 v1.1c Standard LaTeX ifthen package (DPC)
)
("C:\Users\OdnSpceMaker\AppData\Local\Programs\MiKTeX 2.9\tex/latex/tools\calc.
sty"
Package: calc 2017/05/25 v4.3 Infix arithmetic (KKT,FJ)
\calc@Acount=\count308
\calc@Bcount=\count309
\calc@Adimen=\dimen270
\calc@Bdimen=\dimen271
\calc@Askip=\skip122
\calc@Bskip=\skip123
LaTeX Info: Redefining \setlength on input line 80.
LaTeX Info: Redefining \addtolength on input line 81.
\calc@Ccount=\count310
\calc@Cskip=\skip124
)
("C:\Users\OdnSpceMaker\AppData\Local\Programs\MiKTeX 2.9\tex/latex/eso-pic\eso
-pic.sty"
Package: eso-pic 2018/04/12 v2.0h eso-pic (RN)
)
\AM@pagewidth=\dimen272
\AM@pageheight=\dimen273

("C:\Users\OdnSpceMaker\AppData\Local\Programs\MiKTeX 2.9\tex/latex/pdfpages\pp
pdftex.def"
File: pppdftex.def 2017/10/31 v0.5l Pdfpages driver for pdfTeX (AM)
)
\AM@pagebox=\box110
\AM@global@opts=\toks39
\AM@toc@title=\toks40
\c@AM@survey=\count311
\AM@templatesizebox=\box111
)
\@input{inhalt/def.aux}
\openout2 = `inhalt/def.aux'.

(inhalt/def.tex
\pgf@layerbox@background=\box112
\pgf@layerboxsaved@background=\box113
) (hilfszettel.aux)
\openout1 = `hilfszettel.aux'.

LaTeX Font Info:    Checking defaults for OML/jkp/m/it on input line 24.
LaTeX Font Info:    Try loading font information for OML+jkp on input line 24.

("C:\Users\OdnSpceMaker\AppData\Local\Programs\MiKTeX 2.9\tex/latex/kpfonts\oml
jkp.fd"
File: omljkp.fd 2006/08/15 v1.0
)
LaTeX Font Info:    ... okay on input line 24.
LaTeX Font Info:    Checking defaults for T1/cmr/m/n on input line 24.
LaTeX Font Info:    ... okay on input line 24.
LaTeX Font Info:    Checking defaults for OT1/cmr/m/n on input line 24.
LaTeX Font Info:    ... okay on input line 24.
LaTeX Font Info:    Checking defaults for OMS/jkp/m/n on input line 24.
LaTeX Font Info:    Try loading font information for OMS+jkp on input line 24.

("C:\Users\OdnSpceMaker\AppData\Local\Programs\MiKTeX 2.9\tex/latex/kpfonts\oms
jkp.fd"
File: omsjkp.fd 2006/08/15 v1.0
)
LaTeX Font Info:    ... okay on input line 24.
LaTeX Font Info:    Checking defaults for OMX/jkp/m/n on input line 24.
LaTeX Font Info:    Try loading font information for OMX+jkp on input line 24.

("C:\Users\OdnSpceMaker\AppData\Local\Programs\MiKTeX 2.9\tex/latex/kpfonts\omx
jkp.fd"
File: omxjkp.fd 2006/08/15 v1.0
)
LaTeX Font Info:    ... okay on input line 24.
LaTeX Font Info:    Checking defaults for U/jkpexa/m/n on input line 24.
LaTeX Font Info:    Try loading font information for U+jkpexa on input line 24.


("C:\Users\OdnSpceMaker\AppData\Local\Programs\MiKTeX 2.9\tex/latex/kpfonts\ujk
pexa.fd"
File: ujkpexa.fd 2006/08/15 v1.0
)
LaTeX Font Info:    ... okay on input line 24.
LaTeX Font Info:    Checking defaults for TS1/cmr/m/n on input line 24.
LaTeX Font Info:    Try loading font information for TS1+cmr on input line 24.

("C:\Users\OdnSpceMaker\AppData\Local\Programs\MiKTeX 2.9\tex/latex/base\ts1cmr
.fd"
File: ts1cmr.fd 2014/09/29 v2.5h Standard LaTeX font definitions
)
LaTeX Font Info:    ... okay on input line 24.
LaTeX Font Info:    Checking defaults for LY1/ptm/m/n on input line 24.
LaTeX Font Info:    Try loading font information for LY1+ptm on input line 24.

("C:\Users\OdnSpceMaker\AppData\Local\Programs\MiKTeX 2.9\tex/latex/ly1\ly1ptm.
fd"
File: ly1ptm.fd 2001/02/01 font definitions for LY1/ptm using Berry names.
)
LaTeX Font Info:    ... okay on input line 24.
LaTeX Font Info:    Try loading font information for T1+jkp on input line 24.

("C:\Users\OdnSpceMaker\AppData\Local\Programs\MiKTeX 2.9\tex/latex/kpfonts\t1j
kp.fd"
File: t1jkp.fd 2007/01/24 Fontinst v1.928 font definitions for T1/jkp.
) ABD: EveryShipout initializing macros
("C:\Users\OdnSpceMaker\AppData\Local\Programs\MiKTeX 2.9\tex/context/base\supp
-pdf.mkii"
[Loading MPS to PDF converter (version 2006.09.02).]
\scratchcounter=\count312
\scratchdimen=\dimen274
\scratchbox=\box114
\nofMPsegments=\count313
\nofMParguments=\count314
\everyMPshowfont=\toks41
\MPscratchCnt=\count315
\MPscratchDim=\dimen275
\MPnumerator=\count316
\makeMPintoPDFobject=\count317
\everyMPtoPDFconversion=\toks42
)
("C:\Users\OdnSpceMaker\AppData\Local\Programs\MiKTeX 2.9\tex/latex/oberdiek\ep
stopdf-base.sty"
Package: epstopdf-base 2016/05/15 v2.6 Base part for package epstopdf

("C:\Users\OdnSpceMaker\AppData\Local\Programs\MiKTeX 2.9\tex/latex/oberdiek\gr
fext.sty"
Package: grfext 2016/05/16 v1.2 Manage graphics extensions (HO)
)
Package epstopdf-base Info: Redefining graphics rule for `.eps' on input line 4
38.
Package grfext Info: Graphics extension search list:
(grfext)             [.pdf,.png,.jpg,.mps,.jpeg,.jbig2,.jb2,.PDF,.PNG,.JPG,.JPE
G,.JBIG2,.JB2,.eps]
(grfext)             \AppendGraphicsExtensions on input line 456.
)
*geometry* driver: auto-detecting
*geometry* detected driver: pdftex
*geometry* verbose mode - [ preamble ] result:
* driver: pdftex
* paper: a4paper
* layout: <same size as paper>
* layoutoffset:(h,v)=(0.0pt,0.0pt)
* modes: landscape 
* h-part:(L,W,R)=(0.0pt, 842.20158pt, 2.84526pt)
* v-part:(T,H,B)=(0.0pt, 594.66261pt, 2.84526pt)
* \paperwidth=845.04684pt
* \paperheight=597.50787pt
* \textwidth=842.20158pt
* \textheight=594.66261pt
* \oddsidemargin=-72.26999pt
* \evensidemargin=-72.26999pt
* \topmargin=-109.26999pt
* \headheight=12.0pt
* \headsep=25.0pt
* \topskip=10.0pt
* \footskip=30.0pt
* \marginparwidth=144.0pt
* \marginparsep=11.0pt
* \columnsep=10.0pt
* \skip\footins=9.0pt plus 4.0pt minus 2.0pt
* \hoffset=0.0pt
* \voffset=0.0pt
* \mag=1000
* \@twocolumnfalse
* \@twosidefalse
* \@mparswitchfalse
* \@reversemarginfalse
* (1in=72.27pt=25.4mm, 1cm=28.453pt)

\AtBeginShipoutBox=\box115
LaTeX Info: Redefining \microtypecontext on input line 24.
Package microtype Info: Generating PDF output.
Package microtype Info: Character protrusion enabled (level 2).
Package microtype Info: Using default protrusion set `alltext'.
Package microtype Info: Automatic font expansion enabled (level 2),
(microtype)             stretch: 20, shrink: 20, step: 1, non-selected.
Package microtype Info: Using default expansion set `basictext'.
Package microtype Info: No adjustment of tracking.
Package microtype Info: No adjustment of interword spacing.
Package microtype Info: No adjustment of character kerning.
Package microtype Info: Loading generic protrusion settings for font family
(microtype)             `jkp' (encoding: T1).
(microtype)             For optimal results, create family-specific settings.
(microtype)             See the microtype manual for details.

("C:\Users\OdnSpceMaker\AppData\Local\Programs\MiKTeX 2.9\tex/latex/oberdiek\pd
flscape.sty"
Package: pdflscape 2016/05/14 v0.11 Display of landscape pages in PDF (HO)

("C:\Users\OdnSpceMaker\AppData\Local\Programs\MiKTeX 2.9\tex/latex/graphics\ls
cape.sty"
Package: lscape 2000/10/22 v3.01 Landscape Pages (DPC)
)
Package pdflscape Info: Auto-detected driver: pdftex on input line 81.
) (inhalt/aussagen.tex
LaTeX Font Info:    Try loading font information for T1+SourceSansPro-LF on inp
ut line 1.

("C:\Users\OdnSpceMaker\AppData\Local\Programs\MiKTeX 2.9\tex/latex/sourcesansp
ro\t1sourcesanspro-lf.fd"
File: T1SourceSansPro-LF.fd 2016/12/03 (autoinst) Font definitions for T1/Sourc
eSansPro-LF.
)
LaTeX Font Info:    Font shape `T1/SourceSansPro-LF/m/n' will be
(Font)              scaled to size 8.0pt on input line 1.
Package microtype Info: Loading generic protrusion settings for font family
(microtype)             `SourceSansPro-LF' (encoding: T1).
(microtype)             For optimal results, create family-specific settings.
(microtype)             See the microtype manual for details.
LaTeX Font Info:    Font shape `T1/SourceSansPro-LF/m/n' will be
(Font)              scaled to size 9.0pt on input line 1.
LaTeX Font Info:    Font shape `T1/SourceSansPro-LF/b/n' will be
(Font)              scaled to size 9.0pt on input line 1.
LaTeX Font Info:    Font shape `T1/SourceSansPro-LF/b/n' will be
(Font)              scaled to size 8.0pt on input line 2.
LaTeX Font Info:    Try loading font information for OT1+jkp on input line 13.

("C:\Users\OdnSpceMaker\AppData\Local\Programs\MiKTeX 2.9\tex/latex/kpfonts\ot1
jkp.fd"
File: ot1jkp.fd 2007/08/30 Fontinst v1.928 font definitions for OT1/jkp.
)
Package microtype Info: Loading generic protrusion settings for font family
(microtype)             `jkp' (encoding: OT1).
(microtype)             For optimal results, create family-specific settings.
(microtype)             See the microtype manual for details.
LaTeX Font Info:    Try loading font information for U+jkpmia on input line 13.


("C:\Users\OdnSpceMaker\AppData\Local\Programs\MiKTeX 2.9\tex/latex/kpfonts\ujk
pmia.fd"
File: ujkpmia.fd 2006/08/15 v1.0
)
LaTeX Font Info:    Try loading font information for U+jkpsya on input line 13.


("C:\Users\OdnSpceMaker\AppData\Local\Programs\MiKTeX 2.9\tex/latex/kpfonts\ujk
psya.fd"
File: ujkpsya.fd 2006/08/15 v1.0
)
LaTeX Font Info:    Try loading font information for U+jkpsyb on input line 13.


("C:\Users\OdnSpceMaker\AppData\Local\Programs\MiKTeX 2.9\tex/latex/kpfonts\ujk
psyb.fd"
File: ujkpsyb.fd 2006/08/15 v1.0
)
LaTeX Font Info:    Try loading font information for U+jkpsyc on input line 13.


("C:\Users\OdnSpceMaker\AppData\Local\Programs\MiKTeX 2.9\tex/latex/kpfonts\ujk
psyc.fd"
File: ujkpsyc.fd 2006/08/15 v1.0
)
Underfull \hbox (badness 10000) in paragraph at lines 34--35
[][]\T1/jkp/m/n/8 (+20) Usoemaplicaesde pon-ta(altatecnologia).
 []


Underfull \hbox (badness 10000) in paragraph at lines 34--35
\T1/jkp/m/n/8 (+20) None-cessa-ria-men-teso-no-vos-ma-te-riais. Po-
 []


Underfull \hbox (badness 10000) in paragraph at lines 34--35
\T1/jkp/m/n/8 (+20) dem-ser tra-di-cio-nais, com oti-mi-zao-das
 []

LaTeX Font Info:    Try loading font information for TS1+jkp on input line 41.

("C:\Users\OdnSpceMaker\AppData\Local\Programs\MiKTeX 2.9\tex/latex/kpfonts\ts1
jkp.fd"
File: ts1jkp.fd 2007/08/30 Fontinst v1.928 font definitions for TS1/jkp.
)
Package microtype Info: Loading generic protrusion settings for font family
(microtype)             `jkp' (encoding: TS1).
(microtype)             For optimal results, create family-specific settings.
(microtype)             See the microtype manual for details.

Underfull \hbox (badness 10000) in paragraph at lines 216--217
[][]\T1/jkp/m/n/8 (+20) (composio qu-mi-ca, con-cen-trao, pH,
 []

<figures/crist1.png, id=4, 280.04625pt x 157.33781pt>
File: figures/crist1.png Graphic file (type png)
<use figures/crist1.png>
Package pdftex.def Info: figures/crist1.png  used on input line 271.
(pdftex.def)             Requested size: 140.02277pt x 78.6687pt.
<figures/crist2.png, id=6, 286.82156pt x 172.39406pt>
File: figures/crist2.png Graphic file (type png)
<use figures/crist2.png>
Package pdftex.def Info: figures/crist2.png  used on input line 272.
(pdftex.def)             Requested size: 143.41042pt x 86.19681pt.
<figures/crist3.png, id=7, 503.63156pt x 176.91093pt>
File: figures/crist3.png Graphic file (type png)
<use figures/crist3.png>
Package pdftex.def Info: figures/crist3.png  used on input line 273.
(pdftex.def)             Requested size: 151.09062pt x 53.07368pt.

Underfull \hbox (badness 10000) in paragraph at lines 271--274
[][][]
 []


Underfull \hbox (badness 10000) in paragraph at lines 271--274
[]
 []

<figures/var1.png, id=8, 401.24907pt x 112.92188pt>
File: figures/var1.png Graphic file (type png)
<use figures/var1.png>
Package pdftex.def Info: figures/var1.png  used on input line 283.
(pdftex.def)             Requested size: 200.62404pt x 56.46078pt.
<figures/var2.png, id=9, 352.31625pt x 103.88812pt>
File: figures/var2.png Graphic file (type png)
<use figures/var2.png>
Package pdftex.def Info: figures/var2.png  used on input line 284.
(pdftex.def)             Requested size: 158.54083pt x 46.7492pt.
<figures/var3.png, id=10, 392.96812pt x 108.405pt>
File: figures/var3.png Graphic file (type png)
<use figures/var3.png>
Package pdftex.def Info: figures/var3.png  used on input line 285.
(pdftex.def)             Requested size: 196.48357pt x 54.20236pt.

Overfull \hbox (40.18373pt too wide) in paragraph at lines 283--286
[][][]
 []


Underfull \hbox (badness 10000) in paragraph at lines 283--286
[]
 []


Overfull \hbox (36.04326pt too wide) in paragraph at lines 283--286
[] 
 []

<figures/RELraio.jpg, id=11, 399.02266pt x 439.77065pt>
File: figures/RELraio.jpg Graphic file (type jpg)
<use figures/RELraio.jpg>
Package pdftex.def Info: figures/RELraio.jpg  used on input line 351.
(pdftex.def)             Requested size: 159.60623pt x 175.90514pt.
<figures/raio.jpg, id=12, 683.14168pt x 529.47284pt>
File: figures/raio.jpg Graphic file (type jpg)
<use figures/raio.jpg>
Package pdftex.def Info: figures/raio.jpg  used on input line 352.
(pdftex.def)             Requested size: 163.95735pt x 127.07607pt.

Underfull \hbox (badness 10000) in paragraph at lines 351--353
[][][]
 []


Overfull \hbox (3.51704pt too wide) in paragraph at lines 351--353
[] 
 []

! Undefined control sequence.
\header ...header] \footnotesize \sffamily {\lage 
                                                  Cimat}\\ Eduardo~Borges~Li...
l.355  \section
               {Estrutura dos materiais cermicos}
The control sequence at the end of the top line
of your error message was never \def'ed. If you have
misspelled it (e.g., `\hobx'), type `I' and the correct
spelling (e.g., `I\hbox'). Otherwise just continue,
and I'll forget about whatever was undefined.

Package mdframed Info: mdframed inside a box 
 mdframed uses option nobreak mdframed on input line 355.

Overfull \vbox (2.18312pt too high) has occurred while \output is active []


[1



{C:/Users/OdnSpceMaker/AppData/Local/MiKTeX/2.9/pdftex/config/pdftex.map} <./fi
gures/crist1.png> <./figures/crist2.png> <./figures/crist3.png> <./figures/var1
.png> <./figures/var2.png> <./figures/var3.png>]
<figures/occfc.jpg, id=30, 225.75063pt x 188.20313pt>
File: figures/occfc.jpg Graphic file (type jpg)
<use figures/occfc.jpg>
Package pdftex.def Info: figures/occfc.jpg  used on input line 374.
(pdftex.def)             Requested size: 112.87503pt x 94.10132pt.
<figures/tetcfc.jpg, id=31, 258.42pt x 219.0pt>
File: figures/tetcfc.jpg Graphic file (type jpg)
<use figures/tetcfc.jpg>
Package pdftex.def Info: figures/tetcfc.jpg  used on input line 387.
(pdftex.def)             Requested size: 129.20967pt x 109.49973pt.

Underfull \hbox (badness 5533) in paragraph at lines 403--405
[][]\T1/jkp/m/n/8 (+20) M ele-men-to met-li-co Xelemento no-
 []

)
! Undefined control sequence.
\header ...header] \footnotesize \sffamily {\lage 
                                                  Cimat}\\ Eduardo~Borges~Li...
l.37 	\end{multicols*}
                      
The control sequence at the end of the top line
of your error message was never \def'ed. If you have
misspelled it (e.g., `\hobx'), type `I' and the correct
spelling (e.g., `I\hbox'). Otherwise just continue,
and I'll forget about whatever was undefined.

Package mdframed Info: mdframed inside a box 
 mdframed uses option nobreak mdframed on input line 37.

Overfull \vbox (2.18312pt too high) has occurred while \output is active []


[2 <./figures/RELraio.jpg> <./figures/raio.jpg> <./figures/occfc.jpg> <./figure
s/tetcfc.jpg>] (hilfszettel.aux) ) 
Here is how much of TeX's memory you used:
 32160 strings out of 492947
 650344 string characters out of 3123184
 754597 words of memory out of 3000000
 35350 multiletter control sequences out of 15000+200000
 619200 words of font info for 185 fonts, out of 3000000 for 9000
 1141 hyphenation exceptions out of 8191
 55i,13n,81p,838b,1070s stack positions out of 5000i,500n,10000p,200000b,50000s
{C:/Users/OdnSpceMaker/AppData/Local/Programs
/MiKTeX 2.9/fonts/enc/dvips/base/8r.enc}{C:/Users/OdnSpceMaker/AppData/Local/Pr
ograms/MiKTeX 2.9/fonts/enc/dvips/sourcesanspro/a_ggs4wk.enc}<C:/Users/OdnSpceM
aker/AppData/Local/Programs/MiKTeX 2.9/fonts/type1/adobe/sourcesanspro/SourceSa
nsPro-Bold.pfb><C:/Users/OdnSpceMaker/AppData/Local/Programs/MiKTeX 2.9/fonts/t
ype1/adobe/sourcesanspro/SourceSansPro-Regular.pfb><C:/Users/OdnSpceMaker/AppDa
ta/Local/Programs/MiKTeX 2.9/fonts/type1/public/kpfonts/jkpbn8a.pfb><C:/Users/O
dnSpceMaker/AppData/Local/Programs/MiKTeX 2.9/fonts/type1/public/kpfonts/jkpmi.
pfb><C:/Users/OdnSpceMaker/AppData/Local/Programs/MiKTeX 2.9/fonts/type1/public
/kpfonts/jkpmn8a.pfb><C:/Users/OdnSpceMaker/AppData/Local/Programs/MiKTeX 2.9/f
onts/type1/public/kpfonts/jkpsy.pfb><C:/Users/OdnSpceMaker/AppData/Local/Progra
ms/MiKTeX 2.9/fonts/type1/public/kpfonts/jkpsya.pfb>
Output written on hilfszettel.pdf (2 pages, 649969 bytes).
PDF statistics:
 59 PDF objects out of 1000 (max. 8388607)
 0 named destinations out of 1000 (max. 500000)
 19519 words of extra memory for PDF output out of 20736 (max. 10000000)

